-------------------------------------------------------------------------------
Test set: com.learn.SpringTest
-------------------------------------------------------------------------------
Tests run: 1, Failures: 0, Errors: 1, Skipped: 0, Time elapsed: 0.841 s <<< FAILURE! - in com.learn.SpringTest
testSpring(com.learn.SpringTest)  Time elapsed: 0.808 s  <<< ERROR!
org.springframework.beans.factory.BeanCreationException: Error creating bean with name 'menuController': Injection of resource dependencies failed; nested exception is org.springframework.beans.factory.BeanCreationException: Error creating bean with name 'menuSvImpl': Injection of resource dependencies failed; nested exception is org.springframework.beans.factory.BeanCreationException: Error creating bean with name 'menuDao' defined in file [D:\csq\target\classes\com\learn\dao\MenuDao.class]: Cannot resolve reference to bean 'sqlSessionFactory' while setting bean property 'sqlSessionFactory'; nested exception is org.springframework.beans.factory.BeanCreationException: Error creating bean with name 'sqlSessionFactory' defined in class path resource [applicationContext.xml]: Invocation of init method failed; nested exception is org.springframework.core.NestedIOException: Failed to parse mapping resource: 'file [D:\csq\target\classes\mapper\UserMapper.xml]'; nested exception is org.apache.ibatis.builder.BuilderException: Error parsing Mapper XML. The XML location is 'file [D:\csq\target\classes\mapper\UserMapper.xml]'. Cause: org.apache.ibatis.builder.BuilderException: Error resolving class. Cause: org.apache.ibatis.type.TypeException: Could not resolve type alias 'java.util.map'.  Cause: java.lang.ClassNotFoundException: Cannot find class: java.util.map
	at com.learn.SpringTest.testSpring(SpringTest.java:16)
Caused by: org.springframework.beans.factory.BeanCreationException: Error creating bean with name 'menuSvImpl': Injection of resource dependencies failed; nested exception is org.springframework.beans.factory.BeanCreationException: Error creating bean with name 'menuDao' defined in file [D:\csq\target\classes\com\learn\dao\MenuDao.class]: Cannot resolve reference to bean 'sqlSessionFactory' while setting bean property 'sqlSessionFactory'; nested exception is org.springframework.beans.factory.BeanCreationException: Error creating bean with name 'sqlSessionFactory' defined in class path resource [applicationContext.xml]: Invocation of init method failed; nested exception is org.springframework.core.NestedIOException: Failed to parse mapping resource: 'file [D:\csq\target\classes\mapper\UserMapper.xml]'; nested exception is org.apache.ibatis.builder.BuilderException: Error parsing Mapper XML. The XML location is 'file [D:\csq\target\classes\mapper\UserMapper.xml]'. Cause: org.apache.ibatis.builder.BuilderException: Error resolving class. Cause: org.apache.ibatis.type.TypeException: Could not resolve type alias 'java.util.map'.  Cause: java.lang.ClassNotFoundException: Cannot find class: java.util.map
	at com.learn.SpringTest.testSpring(SpringTest.java:16)
Caused by: org.springframework.beans.factory.BeanCreationException: Error creating bean with name 'menuDao' defined in file [D:\csq\target\classes\com\learn\dao\MenuDao.class]: Cannot resolve reference to bean 'sqlSessionFactory' while setting bean property 'sqlSessionFactory'; nested exception is org.springframework.beans.factory.BeanCreationException: Error creating bean with name 'sqlSessionFactory' defined in class path resource [applicationContext.xml]: Invocation of init method failed; nested exception is org.springframework.core.NestedIOException: Failed to parse mapping resource: 'file [D:\csq\target\classes\mapper\UserMapper.xml]'; nested exception is org.apache.ibatis.builder.BuilderException: Error parsing Mapper XML. The XML location is 'file [D:\csq\target\classes\mapper\UserMapper.xml]'. Cause: org.apache.ibatis.builder.BuilderException: Error resolving class. Cause: org.apache.ibatis.type.TypeException: Could not resolve type alias 'java.util.map'.  Cause: java.lang.ClassNotFoundException: Cannot find class: java.util.map
	at com.learn.SpringTest.testSpring(SpringTest.java:16)
Caused by: org.springframework.beans.factory.BeanCreationException: Error creating bean with name 'sqlSessionFactory' defined in class path resource [applicationContext.xml]: Invocation of init method failed; nested exception is org.springframework.core.NestedIOException: Failed to parse mapping resource: 'file [D:\csq\target\classes\mapper\UserMapper.xml]'; nested exception is org.apache.ibatis.builder.BuilderException: Error parsing Mapper XML. The XML location is 'file [D:\csq\target\classes\mapper\UserMapper.xml]'. Cause: org.apache.ibatis.builder.BuilderException: Error resolving class. Cause: org.apache.ibatis.type.TypeException: Could not resolve type alias 'java.util.map'.  Cause: java.lang.ClassNotFoundException: Cannot find class: java.util.map
	at com.learn.SpringTest.testSpring(SpringTest.java:16)
Caused by: org.springframework.core.NestedIOException: Failed to parse mapping resource: 'file [D:\csq\target\classes\mapper\UserMapper.xml]'; nested exception is org.apache.ibatis.builder.BuilderException: Error parsing Mapper XML. The XML location is 'file [D:\csq\target\classes\mapper\UserMapper.xml]'. Cause: org.apache.ibatis.builder.BuilderException: Error resolving class. Cause: org.apache.ibatis.type.TypeException: Could not resolve type alias 'java.util.map'.  Cause: java.lang.ClassNotFoundException: Cannot find class: java.util.map
	at com.learn.SpringTest.testSpring(SpringTest.java:16)
Caused by: org.apache.ibatis.builder.BuilderException: Error parsing Mapper XML. The XML location is 'file [D:\csq\target\classes\mapper\UserMapper.xml]'. Cause: org.apache.ibatis.builder.BuilderException: Error resolving class. Cause: org.apache.ibatis.type.TypeException: Could not resolve type alias 'java.util.map'.  Cause: java.lang.ClassNotFoundException: Cannot find class: java.util.map
	at com.learn.SpringTest.testSpring(SpringTest.java:16)
Caused by: org.apache.ibatis.builder.BuilderException: Error resolving class. Cause: org.apache.ibatis.type.TypeException: Could not resolve type alias 'java.util.map'.  Cause: java.lang.ClassNotFoundException: Cannot find class: java.util.map
	at com.learn.SpringTest.testSpring(SpringTest.java:16)
Caused by: org.apache.ibatis.type.TypeException: Could not resolve type alias 'java.util.map'.  Cause: java.lang.ClassNotFoundException: Cannot find class: java.util.map
	at com.learn.SpringTest.testSpring(SpringTest.java:16)
Caused by: java.lang.ClassNotFoundException: Cannot find class: java.util.map
	at com.learn.SpringTest.testSpring(SpringTest.java:16)

