<?xml version="1.0" encoding="UTF-8"?>
<testsuite xmlns:xsi="http://www.w3.org/2001/XMLSchema-instance" xsi:noNamespaceSchemaLocation="https://maven.apache.org/surefire/maven-surefire-plugin/xsd/surefire-test-report.xsd" name="com.learn.SpringTest" time="0.841" tests="1" errors="1" skipped="0" failures="0">
  <properties>
[...]
</properties>
  <testcase name="testSpring" classname="com.learn.SpringTest" time="0.808">
    <error message="Error creating bean with name &apos;menuController&apos;: Injection of resource dependencies failed; nested exception is org.springframework.beans.factory.BeanCreationException: Error creating bean with name &apos;menuSvImpl&apos;: Injection of resource dependencies failed; nested exception is org.springframework.beans.factory.BeanCreationException: Error creating bean with name &apos;menuDao&apos; defined in file [D:\csq\target\classes\com\learn\dao\MenuDao.class]: Cannot resolve reference to bean &apos;sqlSessionFactory&apos; while setting bean property &apos;sqlSessionFactory&apos;; nested exception is org.springframework.beans.factory.BeanCreationException: Error creating bean with name &apos;sqlSessionFactory&apos; defined in class path resource [applicationContext.xml]: Invocation of init method failed; nested exception is org.springframework.core.NestedIOException: Failed to parse mapping resource: &apos;file [D:\csq\target\classes\mapper\UserMapper.xml]&apos;; nested exception is org.apache.ibatis.builder.BuilderException: Error parsing Mapper XML. The XML location is &apos;file [D:\csq\target\classes\mapper\UserMapper.xml]&apos;. Cause: org.apache.ibatis.builder.BuilderException: Error resolving class. Cause: org.apache.ibatis.type.TypeException: Could not resolve type alias &apos;java.util.map&apos;.  Cause: java.lang.ClassNotFoundException: Cannot find class: java.util.map" type="org.springframework.beans.factory.BeanCreationException">org.springframework.beans.factory.BeanCreationException: Error creating bean with name 'menuController': Injection of resource dependencies failed; nested exception is org.springframework.beans.factory.BeanCreationException: Error creating bean with name 'menuSvImpl': Injection of resource dependencies failed; nested exception is org.springframework.beans.factory.BeanCreationException: Error creating bean with name 'menuDao' defined in file [D:\csq\target\classes\com\learn\dao\MenuDao.class]: Cannot resolve reference to bean 'sqlSessionFactory' while setting bean property 'sqlSessionFactory'; nested exception is org.springframework.beans.factory.BeanCreationException: Error creating bean with name 'sqlSessionFactory' defined in class path resource [applicationContext.xml]: Invocation of init method failed; nested exception is org.springframework.core.NestedIOException: Failed to parse mapping resource: 'file [D:\csq\target\classes\mapper\UserMapper.xml]'; nested exception is org.apache.ibatis.builder.BuilderException: Error parsing Mapper XML. The XML location is 'file [D:\csq\target\classes\mapper\UserMapper.xml]'. Cause: org.apache.ibatis.builder.BuilderException: Error resolving class. Cause: org.apache.ibatis.type.TypeException: Could not resolve type alias 'java.util.map'.  Cause: java.lang.ClassNotFoundException: Cannot find class: java.util.map
	at com.learn.SpringTest.testSpring(SpringTest.java:16)
Caused by: org.springframework.beans.factory.BeanCreationException: Error creating bean with name 'menuSvImpl': Injection of resource dependencies failed; nested exception is org.springframework.beans.factory.BeanCreationException: Error creating bean with name 'menuDao' defined in file [D:\csq\target\classes\com\learn\dao\MenuDao.class]: Cannot resolve reference to bean 'sqlSessionFactory' while setting bean property 'sqlSessionFactory'; nested exception is org.springframework.beans.factory.BeanCreationException: Error creating bean with name 'sqlSessionFactory' defined in class path resource [applicationContext.xml]: Invocation of init method failed; nested exception is org.springframework.core.NestedIOException: Failed to parse mapping resource: 'file [D:\csq\target\classes\mapper\UserMapper.xml]'; nested exception is org.apache.ibatis.builder.BuilderException: Error parsing Mapper XML. The XML location is 'file [D:\csq\target\classes\mapper\UserMapper.xml]'. Cause: org.apache.ibatis.builder.BuilderException: Error resolving class. Cause: org.apache.ibatis.type.TypeException: Could not resolve type alias 'java.util.map'.  Cause: java.lang.ClassNotFoundException: Cannot find class: java.util.map
	at com.learn.SpringTest.testSpring(SpringTest.java:16)
Caused by: org.springframework.beans.factory.BeanCreationException: Error creating bean with name 'menuDao' defined in file [D:\csq\target\classes\com\learn\dao\MenuDao.class]: Cannot resolve reference to bean 'sqlSessionFactory' while setting bean property 'sqlSessionFactory'; nested exception is org.springframework.beans.factory.BeanCreationException: Error creating bean with name 'sqlSessionFactory' defined in class path resource [applicationContext.xml]: Invocation of init method failed; nested exception is org.springframework.core.NestedIOException: Failed to parse mapping resource: 'file [D:\csq\target\classes\mapper\UserMapper.xml]'; nested exception is org.apache.ibatis.builder.BuilderException: Error parsing Mapper XML. The XML location is 'file [D:\csq\target\classes\mapper\UserMapper.xml]'. Cause: org.apache.ibatis.builder.BuilderException: Error resolving class. Cause: org.apache.ibatis.type.TypeException: Could not resolve type alias 'java.util.map'.  Cause: java.lang.ClassNotFoundException: Cannot find class: java.util.map
	at com.learn.SpringTest.testSpring(SpringTest.java:16)
Caused by: org.springframework.beans.factory.BeanCreationException: Error creating bean with name 'sqlSessionFactory' defined in class path resource [applicationContext.xml]: Invocation of init method failed; nested exception is org.springframework.core.NestedIOException: Failed to parse mapping resource: 'file [D:\csq\target\classes\mapper\UserMapper.xml]'; nested exception is org.apache.ibatis.builder.BuilderException: Error parsing Mapper XML. The XML location is 'file [D:\csq\target\classes\mapper\UserMapper.xml]'. Cause: org.apache.ibatis.builder.BuilderException: Error resolving class. Cause: org.apache.ibatis.type.TypeException: Could not resolve type alias 'java.util.map'.  Cause: java.lang.ClassNotFoundException: Cannot find class: java.util.map
	at com.learn.SpringTest.testSpring(SpringTest.java:16)
Caused by: org.springframework.core.NestedIOException: Failed to parse mapping resource: 'file [D:\csq\target\classes\mapper\UserMapper.xml]'; nested exception is org.apache.ibatis.builder.BuilderException: Error parsing Mapper XML. The XML location is 'file [D:\csq\target\classes\mapper\UserMapper.xml]'. Cause: org.apache.ibatis.builder.BuilderException: Error resolving class. Cause: org.apache.ibatis.type.TypeException: Could not resolve type alias 'java.util.map'.  Cause: java.lang.ClassNotFoundException: Cannot find class: java.util.map
	at com.learn.SpringTest.testSpring(SpringTest.java:16)
Caused by: org.apache.ibatis.builder.BuilderException: Error parsing Mapper XML. The XML location is 'file [D:\csq\target\classes\mapper\UserMapper.xml]'. Cause: org.apache.ibatis.builder.BuilderException: Error resolving class. Cause: org.apache.ibatis.type.TypeException: Could not resolve type alias 'java.util.map'.  Cause: java.lang.ClassNotFoundException: Cannot find class: java.util.map
	at com.learn.SpringTest.testSpring(SpringTest.java:16)
Caused by: org.apache.ibatis.builder.BuilderException: Error resolving class. Cause: org.apache.ibatis.type.TypeException: Could not resolve type alias 'java.util.map'.  Cause: java.lang.ClassNotFoundException: Cannot find class: java.util.map
	at com.learn.SpringTest.testSpring(SpringTest.java:16)
Caused by: org.apache.ibatis.type.TypeException: Could not resolve type alias 'java.util.map'.  Cause: java.lang.ClassNotFoundException: Cannot find class: java.util.map
	at com.learn.SpringTest.testSpring(SpringTest.java:16)
Caused by: java.lang.ClassNotFoundException: Cannot find class: java.util.map
	at com.learn.SpringTest.testSpring(SpringTest.java:16)
</error>
    <system-out><![CDATA[17:18:46,887 DEBUG StandardEnvironment:109 - Adding PropertySource 'systemProperties' with lowest search precedence
17:18:46,890 DEBUG StandardEnvironment:109 - Adding PropertySource 'systemEnvironment' with lowest search precedence
17:18:46,890 DEBUG StandardEnvironment:125 - Initialized StandardEnvironment with PropertySources [MapPropertySource@267760927 {name='systemProperties', properties={idea.version=2018.3.4, java.runtime.name=Java(TM) SE Runtime Environment, sun.boot.library.path=C:\Program Files\Java\jdk1.8.0_131\jre\bin, java.vm.version=25.131-b11, java.vm.vendor=Oracle Corporation, java.vendor.url=http://java.oracle.com/, path.separator=;, java.vm.name=Java HotSpot(TM) 64-Bit Server VM, file.encoding.pkg=sun.io, user.country=CN, user.script=, sun.java.launcher=SUN_STANDARD, sun.os.patch.level=, java.vm.specification.name=Java Virtual Machine Specification, user.dir=D:\csq, java.runtime.version=1.8.0_131-b11, basedir=D:\csq, java.awt.graphicsenv=sun.awt.Win32GraphicsEnvironment, java.endorsed.dirs=C:\Program Files\Java\jdk1.8.0_131\jre\lib\endorsed, os.arch=amd64, surefire.real.class.path=C:\Users\Chensq\AppData\Local\Temp\surefire552778613200921593\surefirebooter6379405344673009659.jar, java.io.tmpdir=C:\Users\Chensq\AppData\Local\Temp\, line.separator=
, java.vm.specification.vendor=Oracle Corporation, user.variant=, os.name=Windows 10, sun.jnu.encoding=GBK, java.library.path=C:\Program Files\Java\jdk1.8.0_131\jre\bin;C:\Windows\Sun\Java\bin;C:\Windows\system32;C:\Windows;D:\app\Chensq\product\12.2.0\dbhome_1\bin;C:\ProgramData\Oracle\Java\javapath;C:\Windows\system32;C:\Windows;C:\Windows\System32\Wbem;C:\Windows\System32\WindowsPowerShell\v1.0\;C:\Windows\System32\OpenSSH\;C:\Program Files (x86)\NVIDIA Corporation\PhysX\Common;C:\Program Files\NVIDIA Corporation\NVIDIA NvDLISR;C:\Program Files\Git\cmd;C:\Program Files\Java\jdk1.8.0_131\bin;C:\Program Files\Java\jdk1.8.0_131\jre\bin;C:\Program Files\nodejs\;C:\Users\Chensq\AppData\Local\Android\Sdk\tools;C:\Users\Chensq\AppData\Local\Android\Sdk\platform-tools;C:\Users\Chensq\AppData\Local\Microsoft\WindowsApps;C:\Program Files\Mercurial;C:\Program Files\JetBrains\IntelliJ IDEA 2018.3.4\bin;;C:\Users\Chensq\AppData\Roaming\npm;C:\Program Files\nodejs;;C:\Users\Chensq\AppData\Local\Programs\Microsoft VS Code\bin;., surefire.test.class.path=D:\csq\target\test-classes;D:\csq\target\classes;C:\Users\Chensq\.m2\repository\org\springframework\spring-core\5.0.4.RELEASE\spring-core-5.0.4.RELEASE.jar;C:\Users\Chensq\.m2\repository\org\springframework\spring-jcl\5.0.4.RELEASE\spring-jcl-5.0.4.RELEASE.jar;C:\Users\Chensq\.m2\repository\org\springframework\spring-beans\5.0.4.RELEASE\spring-beans-5.0.4.RELEASE.jar;C:\Users\Chensq\.m2\repository\org\springframework\spring-context\5.0.4.RELEASE\spring-context-5.0.4.RELEASE.jar;C:\Users\Chensq\.m2\repository\org\springframework\spring-context-support\5.0.4.RELEASE\spring-context-support-5.0.4.RELEASE.jar;C:\Users\Chensq\.m2\repository\org\springframework\spring-aop\5.0.4.RELEASE\spring-aop-5.0.4.RELEASE.jar;C:\Users\Chensq\.m2\repository\org\springframework\spring-aspects\5.0.4.RELEASE\spring-aspects-5.0.4.RELEASE.jar;C:\Users\Chensq\.m2\repository\org\aspectj\aspectjweaver\1.8.13\aspectjweaver-1.8.13.jar;C:\Users\Chensq\.m2\repository\org\springframework\spring-expression\5.0.4.RELEASE\spring-expression-5.0.4.RELEASE.jar;C:\Users\Chensq\.m2\repository\org\springframework\spring-tx\5.0.4.RELEASE\spring-tx-5.0.4.RELEASE.jar;C:\Users\Chensq\.m2\repository\org\springframework\spring-test\5.0.4.RELEASE\spring-test-5.0.4.RELEASE.jar;C:\Users\Chensq\.m2\repository\org\springframework\spring-web\5.0.4.RELEASE\spring-web-5.0.4.RELEASE.jar;C:\Users\Chensq\.m2\repository\jstl\jstl\1.2\jstl-1.2.jar;C:\Users\Chensq\.m2\repository\javax\servlet\javax.servlet-api\4.0.0\javax.servlet-api-4.0.0.jar;C:\Users\Chensq\.m2\repository\org\springframework\spring-webmvc\5.0.4.RELEASE\spring-webmvc-5.0.4.RELEASE.jar;C:\Users\Chensq\.m2\repository\com\oracle\ojdbc6\11.2.0.3\ojdbc6-11.2.0.3.jar;C:\Users\Chensq\.m2\repository\com\alibaba\druid\1.1.9\druid-1.1.9.jar;C:\Users\Chensq\.m2\repository\org\springframework\spring-jdbc\5.0.4.RELEASE\spring-jdbc-5.0.4.RELEASE.jar;C:\Users\Chensq\.m2\repository\org\mybatis\mybatis\3.4.6\mybatis-3.4.6.jar;C:\Users\Chensq\.m2\repository\org\mybatis\mybatis-spring\1.3.2\mybatis-spring-1.3.2.jar;C:\Users\Chensq\.m2\repository\org\projectlombok\lombok\1.16.14\lombok-1.16.14.jar;C:\Users\Chensq\.m2\repository\com\fasterxml\jackson\core\jackson-core\2.9.5\jackson-core-2.9.5.jar;C:\Users\Chensq\.m2\repository\com\fasterxml\jackson\core\jackson-annotations\2.9.5\jackson-annotations-2.9.5.jar;C:\Users\Chensq\.m2\repository\com\fasterxml\jackson\core\jackson-databind\2.9.5\jackson-databind-2.9.5.jar;C:\Users\Chensq\.m2\repository\log4j\log4j\1.2.17\log4j-1.2.17.jar;C:\Users\Chensq\.m2\repository\org\slf4j\slf4j-api\1.7.25\slf4j-api-1.7.25.jar;C:\Users\Chensq\.m2\repository\org\slf4j\slf4j-log4j12\1.7.25\slf4j-log4j12-1.7.25.jar;C:\Users\Chensq\.m2\repository\com\github\pagehelper\pagehelper\5.1.4\pagehelper-5.1.4.jar;C:\Users\Chensq\.m2\repository\com\github\jsqlparser\jsqlparser\1.0\jsqlparser-1.0.jar;C:\Users\Chensq\.m2\repository\tk\mybatis\mapper\3.3.8\mapper-3.3.8.jar;C:\Users\Chensq\.m2\repository\javax\persistence\persistence-api\1.0\persistence-api-1.0.jar;C:\Users\Chensq\.m2\repository\junit\junit\4.12\junit-4.12.jar;C:\Users\Chensq\.m2\repository\org\hamcrest\hamcrest-core\1.3\hamcrest-core-1.3.jar;, java.specification.name=Java Platform API Specification, java.class.version=52.0, sun.management.compiler=HotSpot 64-Bit Tiered Compilers, maven.repo.local=C:\Users\Chensq\.m2\repository, os.version=10.0, user.home=C:\Users\Chensq, user.timezone=Asia/Shanghai, java.awt.printerjob=sun.awt.windows.WPrinterJob, file.encoding=GBK, java.specification.version=1.8, java.class.path=D:\csq\target\test-classes;D:\csq\target\classes;C:\Users\Chensq\.m2\repository\org\springframework\spring-core\5.0.4.RELEASE\spring-core-5.0.4.RELEASE.jar;C:\Users\Chensq\.m2\repository\org\springframework\spring-jcl\5.0.4.RELEASE\spring-jcl-5.0.4.RELEASE.jar;C:\Users\Chensq\.m2\repository\org\springframework\spring-beans\5.0.4.RELEASE\spring-beans-5.0.4.RELEASE.jar;C:\Users\Chensq\.m2\repository\org\springframework\spring-context\5.0.4.RELEASE\spring-context-5.0.4.RELEASE.jar;C:\Users\Chensq\.m2\repository\org\springframework\spring-context-support\5.0.4.RELEASE\spring-context-support-5.0.4.RELEASE.jar;C:\Users\Chensq\.m2\repository\org\springframework\spring-aop\5.0.4.RELEASE\spring-aop-5.0.4.RELEASE.jar;C:\Users\Chensq\.m2\repository\org\springframework\spring-aspects\5.0.4.RELEASE\spring-aspects-5.0.4.RELEASE.jar;C:\Users\Chensq\.m2\repository\org\aspectj\aspectjweaver\1.8.13\aspectjweaver-1.8.13.jar;C:\Users\Chensq\.m2\repository\org\springframework\spring-expression\5.0.4.RELEASE\spring-expression-5.0.4.RELEASE.jar;C:\Users\Chensq\.m2\repository\org\springframework\spring-tx\5.0.4.RELEASE\spring-tx-5.0.4.RELEASE.jar;C:\Users\Chensq\.m2\repository\org\springframework\spring-test\5.0.4.RELEASE\spring-test-5.0.4.RELEASE.jar;C:\Users\Chensq\.m2\repository\org\springframework\spring-web\5.0.4.RELEASE\spring-web-5.0.4.RELEASE.jar;C:\Users\Chensq\.m2\repository\jstl\jstl\1.2\jstl-1.2.jar;C:\Users\Chensq\.m2\repository\javax\servlet\javax.servlet-api\4.0.0\javax.servlet-api-4.0.0.jar;C:\Users\Chensq\.m2\repository\org\springframework\spring-webmvc\5.0.4.RELEASE\spring-webmvc-5.0.4.RELEASE.jar;C:\Users\Chensq\.m2\repository\com\oracle\ojdbc6\11.2.0.3\ojdbc6-11.2.0.3.jar;C:\Users\Chensq\.m2\repository\com\alibaba\druid\1.1.9\druid-1.1.9.jar;C:\Users\Chensq\.m2\repository\org\springframework\spring-jdbc\5.0.4.RELEASE\spring-jdbc-5.0.4.RELEASE.jar;C:\Users\Chensq\.m2\repository\org\mybatis\mybatis\3.4.6\mybatis-3.4.6.jar;C:\Users\Chensq\.m2\repository\org\mybatis\mybatis-spring\1.3.2\mybatis-spring-1.3.2.jar;C:\Users\Chensq\.m2\repository\org\projectlombok\lombok\1.16.14\lombok-1.16.14.jar;C:\Users\Chensq\.m2\repository\com\fasterxml\jackson\core\jackson-core\2.9.5\jackson-core-2.9.5.jar;C:\Users\Chensq\.m2\repository\com\fasterxml\jackson\core\jackson-annotations\2.9.5\jackson-annotations-2.9.5.jar;C:\Users\Chensq\.m2\repository\com\fasterxml\jackson\core\jackson-databind\2.9.5\jackson-databind-2.9.5.jar;C:\Users\Chensq\.m2\repository\log4j\log4j\1.2.17\log4j-1.2.17.jar;C:\Users\Chensq\.m2\repository\org\slf4j\slf4j-api\1.7.25\slf4j-api-1.7.25.jar;C:\Users\Chensq\.m2\repository\org\slf4j\slf4j-log4j12\1.7.25\slf4j-log4j12-1.7.25.jar;C:\Users\Chensq\.m2\repository\com\github\pagehelper\pagehelper\5.1.4\pagehelper-5.1.4.jar;C:\Users\Chensq\.m2\repository\com\github\jsqlparser\jsqlparser\1.0\jsqlparser-1.0.jar;C:\Users\Chensq\.m2\repository\tk\mybatis\mapper\3.3.8\mapper-3.3.8.jar;C:\Users\Chensq\.m2\repository\javax\persistence\persistence-api\1.0\persistence-api-1.0.jar;C:\Users\Chensq\.m2\repository\junit\junit\4.12\junit-4.12.jar;C:\Users\Chensq\.m2\repository\org\hamcrest\hamcrest-core\1.3\hamcrest-core-1.3.jar;, user.name=Chensq, java.vm.specification.version=1.8, sun.java.command=C:\Users\Chensq\AppData\Local\Temp\surefire552778613200921593\surefirebooter6379405344673009659.jar C:\Users\Chensq\AppData\Local\Temp\surefire552778613200921593 2020-12-03T17-18-46_192-jvmRun1 surefire4541399169318889175tmp surefire_06095850200307394862tmp, java.home=C:\Program Files\Java\jdk1.8.0_131\jre, sun.arch.data.model=64, user.language=zh, java.specification.vendor=Oracle Corporation, awt.toolkit=sun.awt.windows.WToolkit, java.vm.info=mixed mode, java.version=1.8.0_131, java.ext.dirs=C:\Program Files\Java\jdk1.8.0_131\jre\lib\ext;C:\Windows\Sun\Java\lib\ext, sun.boot.class.path=C:\Program Files\Java\jdk1.8.0_131\jre\lib\resources.jar;C:\Program Files\Java\jdk1.8.0_131\jre\lib\rt.jar;C:\Program Files\Java\jdk1.8.0_131\jre\lib\sunrsasign.jar;C:\Program Files\Java\jdk1.8.0_131\jre\lib\jsse.jar;C:\Program Files\Java\jdk1.8.0_131\jre\lib\jce.jar;C:\Program Files\Java\jdk1.8.0_131\jre\lib\charsets.jar;C:\Program Files\Java\jdk1.8.0_131\jre\lib\jfr.jar;C:\Program Files\Java\jdk1.8.0_131\jre\classes, java.vendor=Oracle Corporation, localRepository=C:\Users\Chensq\.m2\repository, file.separator=\, java.vendor.url.bug=http://bugreport.sun.com/bugreport/, sun.io.unicode.encoding=UnicodeLittle, sun.cpu.endian=little, sun.desktop=windows, sun.cpu.isalist=amd64}}, SystemEnvironmentPropertySource@633070006 {name='systemEnvironment', properties={PATH=D:\app\Chensq\product\12.2.0\dbhome_1\bin;C:\ProgramData\Oracle\Java\javapath;C:\Windows\system32;C:\Windows;C:\Windows\System32\Wbem;C:\Windows\System32\WindowsPowerShell\v1.0\;C:\Windows\System32\OpenSSH\;C:\Program Files (x86)\NVIDIA Corporation\PhysX\Common;C:\Program Files\NVIDIA Corporation\NVIDIA NvDLISR;C:\Program Files\Git\cmd;C:\Program Files\Java\jdk1.8.0_131\bin;C:\Program Files\Java\jdk1.8.0_131\jre\bin;C:\Program Files\nodejs\;C:\Users\Chensq\AppData\Local\Android\Sdk\tools;C:\Users\Chensq\AppData\Local\Android\Sdk\platform-tools;C:\Users\Chensq\AppData\Local\Microsoft\WindowsApps;C:\Program Files\Mercurial;C:\Program Files\JetBrains\IntelliJ IDEA 2018.3.4\bin;;C:\Users\Chensq\AppData\Roaming\npm;C:\Program Files\nodejs;;C:\Users\Chensq\AppData\Local\Programs\Microsoft VS Code\bin, USERDOMAIN_ROAMINGPROFILE=LAPTOP-O76B3LNJ, LOCALAPPDATA=C:\Users\Chensq\AppData\Local, PROCESSOR_LEVEL=6, SYSTEMDRIVE=C:, COMMONPROGRAMFILES(X86)=C:\Program Files (x86)\Common Files, USERDOMAIN=LAPTOP-O76B3LNJ, LOGONSERVER=\\LAPTOP-O76B3LNJ, JAVA_HOME=C:\Program Files\Java\jdk1.8.0_131, PROMPT=$P$G, SESSIONNAME=Console, ALLUSERSPROFILE=C:\ProgramData, PROGRAMFILES(X86)=C:\Program Files (x86), PROCESSOR_ARCHITECTURE=AMD64, DRIVERDATA=C:\Windows\System32\Drivers\DriverData, INTELLIJ IDEA=C:\Program Files\JetBrains\IntelliJ IDEA 2018.3.4\bin;, PROGRAMFILES=C:\Program Files, APPDATA=C:\Users\Chensq\AppData\Roaming, PSMODULEPATH=C:\Program Files\WindowsPowerShell\Modules;C:\Windows\system32\WindowsPowerShell\v1.0\Modules, PROGRAMW6432=C:\Program Files, PROGRAMDATA=C:\ProgramData, SYSTEMROOT=C:\Windows, USERNAME=Chensq, ONEDRIVE=C:\Users\Chensq\OneDrive, PATHEXT=.COM;.EXE;.BAT;.CMD;.VBS;.VBE;.JS;.JSE;.WSF;.WSH;.MSC, OS=Windows_NT, SDK_HOME=C:\Users\Chensq\AppData\Local\Android\Sdk, COMMONPROGRAMW6432=C:\Program Files\Common Files, COMPUTERNAME=LAPTOP-O76B3LNJ, ONEDRIVECONSUMER=C:\Users\Chensq\OneDrive, COMMONPROGRAMFILES=C:\Program Files\Common Files, COMSPEC=C:\Windows\system32\cmd.exe, PROCESSOR_REVISION=8e0c, CLASSPATH=.;C:\Program Files\Java\jdk1.8.0_131\lib;C:\Program Files\Java\jdk1.8.0_131\lib\tools.jar;%TOMCAT_HOME%\BIN;, WINDIR=C:\Windows, =D:=D:\csq, HOMEPATH=\Users\Chensq, TEMP=C:\Users\Chensq\AppData\Local\Temp, HOMEDRIVE=C:, PROCESSOR_IDENTIFIER=Intel64 Family 6 Model 142 Stepping 12, GenuineIntel, USERPROFILE=C:\Users\Chensq, TMP=C:\Users\Chensq\AppData\Local\Temp, PUBLIC=C:\Users\Public, NUMBER_OF_PROCESSORS=8, =::=::\}}]
17:18:46,894  INFO ClassPathXmlApplicationContext:589 - Refreshing org.springframework.context.support.ClassPathXmlApplicationContext@77cd7a0: startup date [Thu Dec 03 17:18:46 CST 2020]; root of context hierarchy
17:18:46,922 DEBUG StandardEnvironment:109 - Adding PropertySource 'systemProperties' with lowest search precedence
17:18:46,923 DEBUG StandardEnvironment:109 - Adding PropertySource 'systemEnvironment' with lowest search precedence
17:18:46,923 DEBUG StandardEnvironment:125 - Initialized StandardEnvironment with PropertySources [MapPropertySource@662822946 {name='systemProperties', properties={idea.version=2018.3.4, java.runtime.name=Java(TM) SE Runtime Environment, sun.boot.library.path=C:\Program Files\Java\jdk1.8.0_131\jre\bin, java.vm.version=25.131-b11, java.vm.vendor=Oracle Corporation, java.vendor.url=http://java.oracle.com/, path.separator=;, java.vm.name=Java HotSpot(TM) 64-Bit Server VM, file.encoding.pkg=sun.io, user.country=CN, user.script=, sun.java.launcher=SUN_STANDARD, sun.os.patch.level=, java.vm.specification.name=Java Virtual Machine Specification, user.dir=D:\csq, java.runtime.version=1.8.0_131-b11, basedir=D:\csq, java.awt.graphicsenv=sun.awt.Win32GraphicsEnvironment, java.endorsed.dirs=C:\Program Files\Java\jdk1.8.0_131\jre\lib\endorsed, os.arch=amd64, surefire.real.class.path=C:\Users\Chensq\AppData\Local\Temp\surefire552778613200921593\surefirebooter6379405344673009659.jar, java.io.tmpdir=C:\Users\Chensq\AppData\Local\Temp\, line.separator=
, java.vm.specification.vendor=Oracle Corporation, user.variant=, os.name=Windows 10, sun.jnu.encoding=GBK, java.library.path=C:\Program Files\Java\jdk1.8.0_131\jre\bin;C:\Windows\Sun\Java\bin;C:\Windows\system32;C:\Windows;D:\app\Chensq\product\12.2.0\dbhome_1\bin;C:\ProgramData\Oracle\Java\javapath;C:\Windows\system32;C:\Windows;C:\Windows\System32\Wbem;C:\Windows\System32\WindowsPowerShell\v1.0\;C:\Windows\System32\OpenSSH\;C:\Program Files (x86)\NVIDIA Corporation\PhysX\Common;C:\Program Files\NVIDIA Corporation\NVIDIA NvDLISR;C:\Program Files\Git\cmd;C:\Program Files\Java\jdk1.8.0_131\bin;C:\Program Files\Java\jdk1.8.0_131\jre\bin;C:\Program Files\nodejs\;C:\Users\Chensq\AppData\Local\Android\Sdk\tools;C:\Users\Chensq\AppData\Local\Android\Sdk\platform-tools;C:\Users\Chensq\AppData\Local\Microsoft\WindowsApps;C:\Program Files\Mercurial;C:\Program Files\JetBrains\IntelliJ IDEA 2018.3.4\bin;;C:\Users\Chensq\AppData\Roaming\npm;C:\Program Files\nodejs;;C:\Users\Chensq\AppData\Local\Programs\Microsoft VS Code\bin;., surefire.test.class.path=D:\csq\target\test-classes;D:\csq\target\classes;C:\Users\Chensq\.m2\repository\org\springframework\spring-core\5.0.4.RELEASE\spring-core-5.0.4.RELEASE.jar;C:\Users\Chensq\.m2\repository\org\springframework\spring-jcl\5.0.4.RELEASE\spring-jcl-5.0.4.RELEASE.jar;C:\Users\Chensq\.m2\repository\org\springframework\spring-beans\5.0.4.RELEASE\spring-beans-5.0.4.RELEASE.jar;C:\Users\Chensq\.m2\repository\org\springframework\spring-context\5.0.4.RELEASE\spring-context-5.0.4.RELEASE.jar;C:\Users\Chensq\.m2\repository\org\springframework\spring-context-support\5.0.4.RELEASE\spring-context-support-5.0.4.RELEASE.jar;C:\Users\Chensq\.m2\repository\org\springframework\spring-aop\5.0.4.RELEASE\spring-aop-5.0.4.RELEASE.jar;C:\Users\Chensq\.m2\repository\org\springframework\spring-aspects\5.0.4.RELEASE\spring-aspects-5.0.4.RELEASE.jar;C:\Users\Chensq\.m2\repository\org\aspectj\aspectjweaver\1.8.13\aspectjweaver-1.8.13.jar;C:\Users\Chensq\.m2\repository\org\springframework\spring-expression\5.0.4.RELEASE\spring-expression-5.0.4.RELEASE.jar;C:\Users\Chensq\.m2\repository\org\springframework\spring-tx\5.0.4.RELEASE\spring-tx-5.0.4.RELEASE.jar;C:\Users\Chensq\.m2\repository\org\springframework\spring-test\5.0.4.RELEASE\spring-test-5.0.4.RELEASE.jar;C:\Users\Chensq\.m2\repository\org\springframework\spring-web\5.0.4.RELEASE\spring-web-5.0.4.RELEASE.jar;C:\Users\Chensq\.m2\repository\jstl\jstl\1.2\jstl-1.2.jar;C:\Users\Chensq\.m2\repository\javax\servlet\javax.servlet-api\4.0.0\javax.servlet-api-4.0.0.jar;C:\Users\Chensq\.m2\repository\org\springframework\spring-webmvc\5.0.4.RELEASE\spring-webmvc-5.0.4.RELEASE.jar;C:\Users\Chensq\.m2\repository\com\oracle\ojdbc6\11.2.0.3\ojdbc6-11.2.0.3.jar;C:\Users\Chensq\.m2\repository\com\alibaba\druid\1.1.9\druid-1.1.9.jar;C:\Users\Chensq\.m2\repository\org\springframework\spring-jdbc\5.0.4.RELEASE\spring-jdbc-5.0.4.RELEASE.jar;C:\Users\Chensq\.m2\repository\org\mybatis\mybatis\3.4.6\mybatis-3.4.6.jar;C:\Users\Chensq\.m2\repository\org\mybatis\mybatis-spring\1.3.2\mybatis-spring-1.3.2.jar;C:\Users\Chensq\.m2\repository\org\projectlombok\lombok\1.16.14\lombok-1.16.14.jar;C:\Users\Chensq\.m2\repository\com\fasterxml\jackson\core\jackson-core\2.9.5\jackson-core-2.9.5.jar;C:\Users\Chensq\.m2\repository\com\fasterxml\jackson\core\jackson-annotations\2.9.5\jackson-annotations-2.9.5.jar;C:\Users\Chensq\.m2\repository\com\fasterxml\jackson\core\jackson-databind\2.9.5\jackson-databind-2.9.5.jar;C:\Users\Chensq\.m2\repository\log4j\log4j\1.2.17\log4j-1.2.17.jar;C:\Users\Chensq\.m2\repository\org\slf4j\slf4j-api\1.7.25\slf4j-api-1.7.25.jar;C:\Users\Chensq\.m2\repository\org\slf4j\slf4j-log4j12\1.7.25\slf4j-log4j12-1.7.25.jar;C:\Users\Chensq\.m2\repository\com\github\pagehelper\pagehelper\5.1.4\pagehelper-5.1.4.jar;C:\Users\Chensq\.m2\repository\com\github\jsqlparser\jsqlparser\1.0\jsqlparser-1.0.jar;C:\Users\Chensq\.m2\repository\tk\mybatis\mapper\3.3.8\mapper-3.3.8.jar;C:\Users\Chensq\.m2\repository\javax\persistence\persistence-api\1.0\persistence-api-1.0.jar;C:\Users\Chensq\.m2\repository\junit\junit\4.12\junit-4.12.jar;C:\Users\Chensq\.m2\repository\org\hamcrest\hamcrest-core\1.3\hamcrest-core-1.3.jar;, java.specification.name=Java Platform API Specification, java.class.version=52.0, sun.management.compiler=HotSpot 64-Bit Tiered Compilers, maven.repo.local=C:\Users\Chensq\.m2\repository, os.version=10.0, user.home=C:\Users\Chensq, user.timezone=Asia/Shanghai, java.awt.printerjob=sun.awt.windows.WPrinterJob, file.encoding=GBK, java.specification.version=1.8, java.class.path=D:\csq\target\test-classes;D:\csq\target\classes;C:\Users\Chensq\.m2\repository\org\springframework\spring-core\5.0.4.RELEASE\spring-core-5.0.4.RELEASE.jar;C:\Users\Chensq\.m2\repository\org\springframework\spring-jcl\5.0.4.RELEASE\spring-jcl-5.0.4.RELEASE.jar;C:\Users\Chensq\.m2\repository\org\springframework\spring-beans\5.0.4.RELEASE\spring-beans-5.0.4.RELEASE.jar;C:\Users\Chensq\.m2\repository\org\springframework\spring-context\5.0.4.RELEASE\spring-context-5.0.4.RELEASE.jar;C:\Users\Chensq\.m2\repository\org\springframework\spring-context-support\5.0.4.RELEASE\spring-context-support-5.0.4.RELEASE.jar;C:\Users\Chensq\.m2\repository\org\springframework\spring-aop\5.0.4.RELEASE\spring-aop-5.0.4.RELEASE.jar;C:\Users\Chensq\.m2\repository\org\springframework\spring-aspects\5.0.4.RELEASE\spring-aspects-5.0.4.RELEASE.jar;C:\Users\Chensq\.m2\repository\org\aspectj\aspectjweaver\1.8.13\aspectjweaver-1.8.13.jar;C:\Users\Chensq\.m2\repository\org\springframework\spring-expression\5.0.4.RELEASE\spring-expression-5.0.4.RELEASE.jar;C:\Users\Chensq\.m2\repository\org\springframework\spring-tx\5.0.4.RELEASE\spring-tx-5.0.4.RELEASE.jar;C:\Users\Chensq\.m2\repository\org\springframework\spring-test\5.0.4.RELEASE\spring-test-5.0.4.RELEASE.jar;C:\Users\Chensq\.m2\repository\org\springframework\spring-web\5.0.4.RELEASE\spring-web-5.0.4.RELEASE.jar;C:\Users\Chensq\.m2\repository\jstl\jstl\1.2\jstl-1.2.jar;C:\Users\Chensq\.m2\repository\javax\servlet\javax.servlet-api\4.0.0\javax.servlet-api-4.0.0.jar;C:\Users\Chensq\.m2\repository\org\springframework\spring-webmvc\5.0.4.RELEASE\spring-webmvc-5.0.4.RELEASE.jar;C:\Users\Chensq\.m2\repository\com\oracle\ojdbc6\11.2.0.3\ojdbc6-11.2.0.3.jar;C:\Users\Chensq\.m2\repository\com\alibaba\druid\1.1.9\druid-1.1.9.jar;C:\Users\Chensq\.m2\repository\org\springframework\spring-jdbc\5.0.4.RELEASE\spring-jdbc-5.0.4.RELEASE.jar;C:\Users\Chensq\.m2\repository\org\mybatis\mybatis\3.4.6\mybatis-3.4.6.jar;C:\Users\Chensq\.m2\repository\org\mybatis\mybatis-spring\1.3.2\mybatis-spring-1.3.2.jar;C:\Users\Chensq\.m2\repository\org\projectlombok\lombok\1.16.14\lombok-1.16.14.jar;C:\Users\Chensq\.m2\repository\com\fasterxml\jackson\core\jackson-core\2.9.5\jackson-core-2.9.5.jar;C:\Users\Chensq\.m2\repository\com\fasterxml\jackson\core\jackson-annotations\2.9.5\jackson-annotations-2.9.5.jar;C:\Users\Chensq\.m2\repository\com\fasterxml\jackson\core\jackson-databind\2.9.5\jackson-databind-2.9.5.jar;C:\Users\Chensq\.m2\repository\log4j\log4j\1.2.17\log4j-1.2.17.jar;C:\Users\Chensq\.m2\repository\org\slf4j\slf4j-api\1.7.25\slf4j-api-1.7.25.jar;C:\Users\Chensq\.m2\repository\org\slf4j\slf4j-log4j12\1.7.25\slf4j-log4j12-1.7.25.jar;C:\Users\Chensq\.m2\repository\com\github\pagehelper\pagehelper\5.1.4\pagehelper-5.1.4.jar;C:\Users\Chensq\.m2\repository\com\github\jsqlparser\jsqlparser\1.0\jsqlparser-1.0.jar;C:\Users\Chensq\.m2\repository\tk\mybatis\mapper\3.3.8\mapper-3.3.8.jar;C:\Users\Chensq\.m2\repository\javax\persistence\persistence-api\1.0\persistence-api-1.0.jar;C:\Users\Chensq\.m2\repository\junit\junit\4.12\junit-4.12.jar;C:\Users\Chensq\.m2\repository\org\hamcrest\hamcrest-core\1.3\hamcrest-core-1.3.jar;, user.name=Chensq, java.vm.specification.version=1.8, sun.java.command=C:\Users\Chensq\AppData\Local\Temp\surefire552778613200921593\surefirebooter6379405344673009659.jar C:\Users\Chensq\AppData\Local\Temp\surefire552778613200921593 2020-12-03T17-18-46_192-jvmRun1 surefire4541399169318889175tmp surefire_06095850200307394862tmp, java.home=C:\Program Files\Java\jdk1.8.0_131\jre, sun.arch.data.model=64, user.language=zh, java.specification.vendor=Oracle Corporation, awt.toolkit=sun.awt.windows.WToolkit, java.vm.info=mixed mode, java.version=1.8.0_131, java.ext.dirs=C:\Program Files\Java\jdk1.8.0_131\jre\lib\ext;C:\Windows\Sun\Java\lib\ext, sun.boot.class.path=C:\Program Files\Java\jdk1.8.0_131\jre\lib\resources.jar;C:\Program Files\Java\jdk1.8.0_131\jre\lib\rt.jar;C:\Program Files\Java\jdk1.8.0_131\jre\lib\sunrsasign.jar;C:\Program Files\Java\jdk1.8.0_131\jre\lib\jsse.jar;C:\Program Files\Java\jdk1.8.0_131\jre\lib\jce.jar;C:\Program Files\Java\jdk1.8.0_131\jre\lib\charsets.jar;C:\Program Files\Java\jdk1.8.0_131\jre\lib\jfr.jar;C:\Program Files\Java\jdk1.8.0_131\jre\classes, java.vendor=Oracle Corporation, localRepository=C:\Users\Chensq\.m2\repository, file.separator=\, java.vendor.url.bug=http://bugreport.sun.com/bugreport/, sun.io.unicode.encoding=UnicodeLittle, sun.cpu.endian=little, sun.desktop=windows, sun.cpu.isalist=amd64}}, SystemEnvironmentPropertySource@92150540 {name='systemEnvironment', properties={PATH=D:\app\Chensq\product\12.2.0\dbhome_1\bin;C:\ProgramData\Oracle\Java\javapath;C:\Windows\system32;C:\Windows;C:\Windows\System32\Wbem;C:\Windows\System32\WindowsPowerShell\v1.0\;C:\Windows\System32\OpenSSH\;C:\Program Files (x86)\NVIDIA Corporation\PhysX\Common;C:\Program Files\NVIDIA Corporation\NVIDIA NvDLISR;C:\Program Files\Git\cmd;C:\Program Files\Java\jdk1.8.0_131\bin;C:\Program Files\Java\jdk1.8.0_131\jre\bin;C:\Program Files\nodejs\;C:\Users\Chensq\AppData\Local\Android\Sdk\tools;C:\Users\Chensq\AppData\Local\Android\Sdk\platform-tools;C:\Users\Chensq\AppData\Local\Microsoft\WindowsApps;C:\Program Files\Mercurial;C:\Program Files\JetBrains\IntelliJ IDEA 2018.3.4\bin;;C:\Users\Chensq\AppData\Roaming\npm;C:\Program Files\nodejs;;C:\Users\Chensq\AppData\Local\Programs\Microsoft VS Code\bin, USERDOMAIN_ROAMINGPROFILE=LAPTOP-O76B3LNJ, LOCALAPPDATA=C:\Users\Chensq\AppData\Local, PROCESSOR_LEVEL=6, SYSTEMDRIVE=C:, COMMONPROGRAMFILES(X86)=C:\Program Files (x86)\Common Files, USERDOMAIN=LAPTOP-O76B3LNJ, LOGONSERVER=\\LAPTOP-O76B3LNJ, JAVA_HOME=C:\Program Files\Java\jdk1.8.0_131, PROMPT=$P$G, SESSIONNAME=Console, ALLUSERSPROFILE=C:\ProgramData, PROGRAMFILES(X86)=C:\Program Files (x86), PROCESSOR_ARCHITECTURE=AMD64, DRIVERDATA=C:\Windows\System32\Drivers\DriverData, INTELLIJ IDEA=C:\Program Files\JetBrains\IntelliJ IDEA 2018.3.4\bin;, PROGRAMFILES=C:\Program Files, APPDATA=C:\Users\Chensq\AppData\Roaming, PSMODULEPATH=C:\Program Files\WindowsPowerShell\Modules;C:\Windows\system32\WindowsPowerShell\v1.0\Modules, PROGRAMW6432=C:\Program Files, PROGRAMDATA=C:\ProgramData, SYSTEMROOT=C:\Windows, USERNAME=Chensq, ONEDRIVE=C:\Users\Chensq\OneDrive, PATHEXT=.COM;.EXE;.BAT;.CMD;.VBS;.VBE;.JS;.JSE;.WSF;.WSH;.MSC, OS=Windows_NT, SDK_HOME=C:\Users\Chensq\AppData\Local\Android\Sdk, COMMONPROGRAMW6432=C:\Program Files\Common Files, COMPUTERNAME=LAPTOP-O76B3LNJ, ONEDRIVECONSUMER=C:\Users\Chensq\OneDrive, COMMONPROGRAMFILES=C:\Program Files\Common Files, COMSPEC=C:\Windows\system32\cmd.exe, PROCESSOR_REVISION=8e0c, CLASSPATH=.;C:\Program Files\Java\jdk1.8.0_131\lib;C:\Program Files\Java\jdk1.8.0_131\lib\tools.jar;%TOMCAT_HOME%\BIN;, WINDIR=C:\Windows, =D:=D:\csq, HOMEPATH=\Users\Chensq, TEMP=C:\Users\Chensq\AppData\Local\Temp, HOMEDRIVE=C:, PROCESSOR_IDENTIFIER=Intel64 Family 6 Model 142 Stepping 12, GenuineIntel, USERPROFILE=C:\Users\Chensq, TMP=C:\Users\Chensq\AppData\Local\Temp, PUBLIC=C:\Users\Public, NUMBER_OF_PROCESSORS=8, =::=::\}}]
17:18:46,930  INFO XmlBeanDefinitionReader:316 - Loading XML bean definitions from class path resource [applicationContext.xml]
17:18:46,941 DEBUG DefaultDocumentLoader:74 - Using JAXP provider [com.sun.org.apache.xerces.internal.jaxp.DocumentBuilderFactoryImpl]
17:18:46,962 DEBUG PluggableSchemaResolver:147 - Loading schema mappings from [META-INF/spring.schemas]
17:18:46,966 DEBUG PluggableSchemaResolver:153 - Loaded schema mappings: {http://www.springframework.org/schema/tx/spring-tx-4.3.xsd=org/springframework/transaction/config/spring-tx.xsd, http://www.springframework.org/schema/tx/spring-tx-2.5.xsd=org/springframework/transaction/config/spring-tx.xsd, http://www.springframework.org/schema/cache/spring-cache-4.2.xsd=org/springframework/cache/config/spring-cache.xsd, http://www.springframework.org/schema/aop/spring-aop-4.1.xsd=org/springframework/aop/config/spring-aop.xsd, http://www.springframework.org/schema/context/spring-context-3.1.xsd=org/springframework/context/config/spring-context.xsd, http://www.springframework.org/schema/jdbc/spring-jdbc-4.1.xsd=org/springframework/jdbc/config/spring-jdbc.xsd, http://www.springframework.org/schema/mvc/spring-mvc-4.1.xsd=org/springframework/web/servlet/config/spring-mvc.xsd, http://www.springframework.org/schema/util/spring-util-3.0.xsd=org/springframework/beans/factory/xml/spring-util.xsd, http://mybatis.org/schema/mybatis-spring-1.2.xsd=org/mybatis/spring/config/mybatis-spring-1.2.xsd, http://www.springframework.org/schema/aop/spring-aop-3.2.xsd=org/springframework/aop/config/spring-aop.xsd, http://www.springframework.org/schema/tool/spring-tool.xsd=org/springframework/beans/factory/xml/spring-tool.xsd, http://www.springframework.org/schema/lang/spring-lang-4.1.xsd=org/springframework/scripting/config/spring-lang.xsd, http://www.springframework.org/schema/context/spring-context-4.0.xsd=org/springframework/context/config/spring-context.xsd, http://www.springframework.org/schema/mvc/spring-mvc-3.2.xsd=org/springframework/web/servlet/config/spring-mvc.xsd, http://www.springframework.org/schema/beans/spring-beans-4.2.xsd=org/springframework/beans/factory/xml/spring-beans.xsd, http://www.springframework.org/schema/tool/spring-tool-4.1.xsd=org/springframework/beans/factory/xml/spring-tool.xsd, http://www.springframework.org/schema/lang/spring-lang-3.2.xsd=org/springframework/scripting/config/spring-lang.xsd, http://www.springframework.org/schema/cache/spring-cache-3.2.xsd=org/springframework/cache/config/spring-cache.xsd, http://www.springframework.org/schema/jee/spring-jee-4.1.xsd=org/springframework/ejb/config/spring-jee.xsd, http://www.springframework.org/schema/jdbc/spring-jdbc-3.1.xsd=org/springframework/jdbc/config/spring-jdbc.xsd, http://www.springframework.org/schema/util/spring-util-2.0.xsd=org/springframework/beans/factory/xml/spring-util.xsd, http://www.springframework.org/schema/task/spring-task-4.2.xsd=org/springframework/scheduling/config/spring-task.xsd, http://www.springframework.org/schema/tool/spring-tool-3.2.xsd=org/springframework/beans/factory/xml/spring-tool.xsd, http://www.springframework.org/schema/context/spring-context.xsd=org/springframework/context/config/spring-context.xsd, http://www.springframework.org/schema/tx/spring-tx-4.2.xsd=org/springframework/transaction/config/spring-tx.xsd, http://www.springframework.org/schema/cache/spring-cache-4.1.xsd=org/springframework/cache/config/spring-cache.xsd, http://www.springframework.org/schema/aop/spring-aop-4.0.xsd=org/springframework/aop/config/spring-aop.xsd, http://www.springframework.org/schema/jee/spring-jee-3.2.xsd=org/springframework/ejb/config/spring-jee.xsd, http://www.springframework.org/schema/context/spring-context-3.0.xsd=org/springframework/context/config/spring-context.xsd, http://www.springframework.org/schema/jdbc/spring-jdbc-4.0.xsd=org/springframework/jdbc/config/spring-jdbc.xsd, http://www.springframework.org/schema/mvc/spring-mvc-4.0.xsd=org/springframework/web/servlet/config/spring-mvc.xsd, http://www.springframework.org/schema/util/spring-util-2.5.xsd=org/springframework/beans/factory/xml/spring-util.xsd, http://www.springframework.org/schema/util/spring-util-4.3.xsd=org/springframework/beans/factory/xml/spring-util.xsd, http://www.springframework.org/schema/beans/spring-beans-3.2.xsd=org/springframework/beans/factory/xml/spring-beans.xsd, http://www.springframework.org/schema/aop/spring-aop-3.1.xsd=org/springframework/aop/config/spring-aop.xsd, http://www.springframework.org/schema/lang/spring-lang-4.0.xsd=org/springframework/scripting/config/spring-lang.xsd, http://www.springframework.org/schema/mvc/spring-mvc.xsd=org/springframework/web/servlet/config/spring-mvc.xsd, http://www.springframework.org/schema/mvc/spring-mvc-3.1.xsd=org/springframework/web/servlet/config/spring-mvc.xsd, http://www.springframework.org/schema/beans/spring-beans-4.1.xsd=org/springframework/beans/factory/xml/spring-beans.xsd, http://www.springframework.org/schema/tool/spring-tool-4.0.xsd=org/springframework/beans/factory/xml/spring-tool.xsd, http://www.springframework.org/schema/tx/spring-tx-3.2.xsd=org/springframework/transaction/config/spring-tx.xsd, http://www.springframework.org/schema/lang/spring-lang-3.1.xsd=org/springframework/scripting/config/spring-lang.xsd, http://www.springframework.org/schema/cache/spring-cache-3.1.xsd=org/springframework/cache/config/spring-cache.xsd, http://www.springframework.org/schema/jee/spring-jee-4.0.xsd=org/springframework/ejb/config/spring-jee.xsd, http://www.springframework.org/schema/jdbc/spring-jdbc-3.0.xsd=org/springframework/jdbc/config/spring-jdbc.xsd, http://www.springframework.org/schema/task/spring-task-4.1.xsd=org/springframework/scheduling/config/spring-task.xsd, http://www.springframework.org/schema/jdbc/spring-jdbc.xsd=org/springframework/jdbc/config/spring-jdbc.xsd, http://www.springframework.org/schema/tool/spring-tool-3.1.xsd=org/springframework/beans/factory/xml/spring-tool.xsd, http://www.springframework.org/schema/tx/spring-tx-4.1.xsd=org/springframework/transaction/config/spring-tx.xsd, http://www.springframework.org/schema/cache/spring-cache-4.0.xsd=org/springframework/cache/config/spring-cache.xsd, http://www.springframework.org/schema/jee/spring-jee-3.1.xsd=org/springframework/ejb/config/spring-jee.xsd, http://www.springframework.org/schema/task/spring-task-3.2.xsd=org/springframework/scheduling/config/spring-task.xsd, http://www.springframework.org/schema/util/spring-util-4.2.xsd=org/springframework/beans/factory/xml/spring-util.xsd, http://www.springframework.org/schema/beans/spring-beans-3.1.xsd=org/springframework/beans/factory/xml/spring-beans.xsd, http://www.springframework.org/schema/util/spring-util.xsd=org/springframework/beans/factory/xml/spring-util.xsd, http://www.springframework.org/schema/aop/spring-aop-3.0.xsd=org/springframework/aop/config/spring-aop.xsd, http://www.springframework.org/schema/mvc/spring-mvc-3.0.xsd=org/springframework/web/servlet/config/spring-mvc.xsd, http://www.springframework.org/schema/beans/spring-beans-4.0.xsd=org/springframework/beans/factory/xml/spring-beans.xsd, http://www.springframework.org/schema/beans/spring-beans.xsd=org/springframework/beans/factory/xml/spring-beans.xsd, http://mybatis.org/schema/mybatis-spring.xsd=org/mybatis/spring/config/mybatis-spring-1.2.xsd, http://www.springframework.org/schema/tx/spring-tx-3.1.xsd=org/springframework/transaction/config/spring-tx.xsd, http://www.springframework.org/schema/lang/spring-lang-3.0.xsd=org/springframework/scripting/config/spring-lang.xsd, http://www.springframework.org/schema/context/spring-context-2.5.xsd=org/springframework/context/config/spring-context.xsd, http://www.springframework.org/schema/context/spring-context-4.3.xsd=org/springframework/context/config/spring-context.xsd, http://www.springframework.org/schema/task/spring-task-4.0.xsd=org/springframework/scheduling/config/spring-task.xsd, http://www.springframework.org/schema/tool/spring-tool-3.0.xsd=org/springframework/beans/factory/xml/spring-tool.xsd, http://www.springframework.org/schema/tx/spring-tx-4.0.xsd=org/springframework/transaction/config/spring-tx.xsd, http://www.springframework.org/schema/aop/spring-aop-2.0.xsd=org/springframework/aop/config/spring-aop.xsd, http://www.springframework.org/schema/jee/spring-jee-3.0.xsd=org/springframework/ejb/config/spring-jee.xsd, http://www.springframework.org/schema/util/spring-util-4.1.xsd=org/springframework/beans/factory/xml/spring-util.xsd, http://www.springframework.org/schema/task/spring-task-3.1.xsd=org/springframework/scheduling/config/spring-task.xsd, http://www.springframework.org/schema/beans/spring-beans-3.0.xsd=org/springframework/beans/factory/xml/spring-beans.xsd, http://www.springframework.org/schema/jee/spring-jee.xsd=org/springframework/ejb/config/spring-jee.xsd, http://www.springframework.org/schema/aop/spring-aop-4.3.xsd=org/springframework/aop/config/spring-aop.xsd, http://www.springframework.org/schema/aop/spring-aop-2.5.xsd=org/springframework/aop/config/spring-aop.xsd, http://www.springframework.org/schema/lang/spring-lang-2.0.xsd=org/springframework/scripting/config/spring-lang.xsd, http://www.springframework.org/schema/jdbc/spring-jdbc-4.3.xsd=org/springframework/jdbc/config/spring-jdbc.xsd, http://www.springframework.org/schema/mvc/spring-mvc-4.3.xsd=org/springframework/web/servlet/config/spring-mvc.xsd, http://www.springframework.org/schema/util/spring-util-3.2.xsd=org/springframework/beans/factory/xml/spring-util.xsd, http://www.springframework.org/schema/task/spring-task.xsd=org/springframework/scheduling/config/spring-task.xsd, http://www.springframework.org/schema/tool/spring-tool-2.0.xsd=org/springframework/beans/factory/xml/spring-tool.xsd, http://www.springframework.org/schema/tx/spring-tx-3.0.xsd=org/springframework/transaction/config/spring-tx.xsd, http://www.springframework.org/schema/lang/spring-lang-2.5.xsd=org/springframework/scripting/config/spring-lang.xsd, http://www.springframework.org/schema/lang/spring-lang-4.3.xsd=org/springframework/scripting/config/spring-lang.xsd, http://www.springframework.org/schema/context/spring-context-4.2.xsd=org/springframework/context/config/spring-context.xsd, http://www.springframework.org/schema/jee/spring-jee-2.0.xsd=org/springframework/ejb/config/spring-jee.xsd, http://www.springframework.org/schema/tool/spring-tool-4.3.xsd=org/springframework/beans/factory/xml/spring-tool.xsd, http://www.springframework.org/schema/tool/spring-tool-2.5.xsd=org/springframework/beans/factory/xml/spring-tool.xsd, http://www.springframework.org/schema/jee/spring-jee-4.3.xsd=org/springframework/ejb/config/spring-jee.xsd, http://www.springframework.org/schema/jee/spring-jee-2.5.xsd=org/springframework/ejb/config/spring-jee.xsd, http://www.springframework.org/schema/util/spring-util-4.0.xsd=org/springframework/beans/factory/xml/spring-util.xsd, http://www.springframework.org/schema/task/spring-task-3.0.xsd=org/springframework/scheduling/config/spring-task.xsd, http://www.springframework.org/schema/cache/spring-cache-4.3.xsd=org/springframework/cache/config/spring-cache.xsd, http://www.springframework.org/schema/aop/spring-aop-4.2.xsd=org/springframework/aop/config/spring-aop.xsd, http://www.springframework.org/schema/lang/spring-lang.xsd=org/springframework/scripting/config/spring-lang.xsd, http://www.springframework.org/schema/context/spring-context-3.2.xsd=org/springframework/context/config/spring-context.xsd, http://www.springframework.org/schema/jdbc/spring-jdbc-4.2.xsd=org/springframework/jdbc/config/spring-jdbc.xsd, http://www.springframework.org/schema/mvc/spring-mvc-4.2.xsd=org/springframework/web/servlet/config/spring-mvc.xsd, http://www.springframework.org/schema/util/spring-util-3.1.xsd=org/springframework/beans/factory/xml/spring-util.xsd, http://www.springframework.org/schema/beans/spring-beans-2.0.xsd=org/springframework/beans/factory/xml/spring-beans.xsd, http://www.springframework.org/schema/cache/spring-cache.xsd=org/springframework/cache/config/spring-cache.xsd, http://www.springframework.org/schema/tx/spring-tx.xsd=org/springframework/transaction/config/spring-tx.xsd, http://www.springframework.org/schema/lang/spring-lang-4.2.xsd=org/springframework/scripting/config/spring-lang.xsd, http://www.springframework.org/schema/context/spring-context-4.1.xsd=org/springframework/context/config/spring-context.xsd, http://www.springframework.org/schema/beans/spring-beans-2.5.xsd=org/springframework/beans/factory/xml/spring-beans.xsd, http://www.springframework.org/schema/beans/spring-beans-4.3.xsd=org/springframework/beans/factory/xml/spring-beans.xsd, http://www.springframework.org/schema/tool/spring-tool-4.2.xsd=org/springframework/beans/factory/xml/spring-tool.xsd, http://www.springframework.org/schema/tx/spring-tx-2.0.xsd=org/springframework/transaction/config/spring-tx.xsd, http://www.alibaba.com/schema/stat.xsd=META-INF/stat.xsd, http://www.springframework.org/schema/jee/spring-jee-4.2.xsd=org/springframework/ejb/config/spring-jee.xsd, http://www.springframework.org/schema/jdbc/spring-jdbc-3.2.xsd=org/springframework/jdbc/config/spring-jdbc.xsd, http://www.springframework.org/schema/aop/spring-aop.xsd=org/springframework/aop/config/spring-aop.xsd, http://www.springframework.org/schema/task/spring-task-4.3.xsd=org/springframework/scheduling/config/spring-task.xsd}
17:18:46,967 DEBUG PluggableSchemaResolver:123 - Found XML schema [http://www.springframework.org/schema/beans/spring-beans-2.5.xsd] in classpath: org/springframework/beans/factory/xml/spring-beans.xsd
17:18:46,996 DEBUG PluggableSchemaResolver:123 - Found XML schema [http://www.springframework.org/schema/context/spring-context-2.5.xsd] in classpath: org/springframework/context/config/spring-context.xsd
17:18:47,001 DEBUG PluggableSchemaResolver:123 - Found XML schema [http://www.springframework.org/schema/tool/spring-tool.xsd] in classpath: org/springframework/beans/factory/xml/spring-tool.xsd
17:18:47,011 DEBUG DefaultBeanDefinitionDocumentReader:96 - Loading bean definitions
17:18:47,018 DEBUG DefaultNamespaceHandlerResolver:163 - Loaded NamespaceHandler mappings: {http://www.springframework.org/schema/p=org.springframework.beans.factory.xml.SimplePropertyNamespaceHandler, http://www.springframework.org/schema/mvc=org.springframework.web.servlet.config.MvcNamespaceHandler, http://www.springframework.org/schema/util=org.springframework.beans.factory.xml.UtilNamespaceHandler, http://www.alibaba.com/schema/stat=com.alibaba.druid.support.spring.stat.config.DruidStatNamespaceHandler, http://www.springframework.org/schema/jee=org.springframework.ejb.config.JeeNamespaceHandler, http://www.springframework.org/schema/aop=org.springframework.aop.config.AopNamespaceHandler, http://www.springframework.org/schema/jdbc=org.springframework.jdbc.config.JdbcNamespaceHandler, http://www.springframework.org/schema/cache=org.springframework.cache.config.CacheNamespaceHandler, http://mybatis.org/schema/mybatis-spring=org.mybatis.spring.config.NamespaceHandler, http://www.springframework.org/schema/c=org.springframework.beans.factory.xml.SimpleConstructorNamespaceHandler, http://www.springframework.org/schema/tx=org.springframework.transaction.config.TxNamespaceHandler, http://www.springframework.org/schema/task=org.springframework.scheduling.config.TaskNamespaceHandler, http://www.springframework.org/schema/lang=org.springframework.scripting.config.LangNamespaceHandler, http://www.springframework.org/schema/context=org.springframework.context.config.ContextNamespaceHandler}
17:18:47,034 DEBUG PathMatchingResourcePatternResolver:321 - Resolved classpath location [com/learn/] to resources [URL [file:/D:/csq/target/test-classes/com/learn/], URL [file:/D:/csq/target/classes/com/learn/]]
17:18:47,035 DEBUG PathMatchingResourcePatternResolver:723 - Looking for matching resources in directory tree [D:\csq\target\test-classes\com\learn]
17:18:47,035 DEBUG PathMatchingResourcePatternResolver:785 - Searching directory [D:\csq\target\test-classes\com\learn] for files matching pattern [D:/csq/target/test-classes/com/learn/**/*.class]
17:18:47,037 DEBUG PathMatchingResourcePatternResolver:723 - Looking for matching resources in directory tree [D:\csq\target\classes\com\learn]
17:18:47,037 DEBUG PathMatchingResourcePatternResolver:785 - Searching directory [D:\csq\target\classes\com\learn] for files matching pattern [D:/csq/target/classes/com/learn/**/*.class]
17:18:47,038 DEBUG PathMatchingResourcePatternResolver:785 - Searching directory [D:\csq\target\classes\com\learn\base] for files matching pattern [D:/csq/target/classes/com/learn/**/*.class]
17:18:47,038 DEBUG PathMatchingResourcePatternResolver:785 - Searching directory [D:\csq\target\classes\com\learn\base\mapper] for files matching pattern [D:/csq/target/classes/com/learn/**/*.class]
17:18:47,038 DEBUG PathMatchingResourcePatternResolver:785 - Searching directory [D:\csq\target\classes\com\learn\base\service] for files matching pattern [D:/csq/target/classes/com/learn/**/*.class]
17:18:47,038 DEBUG PathMatchingResourcePatternResolver:785 - Searching directory [D:\csq\target\classes\com\learn\base\service\impl] for files matching pattern [D:/csq/target/classes/com/learn/**/*.class]
17:18:47,039 DEBUG PathMatchingResourcePatternResolver:785 - Searching directory [D:\csq\target\classes\com\learn\comUtil] for files matching pattern [D:/csq/target/classes/com/learn/**/*.class]
17:18:47,039 DEBUG PathMatchingResourcePatternResolver:785 - Searching directory [D:\csq\target\classes\com\learn\controller] for files matching pattern [D:/csq/target/classes/com/learn/**/*.class]
17:18:47,040 DEBUG PathMatchingResourcePatternResolver:785 - Searching directory [D:\csq\target\classes\com\learn\dao] for files matching pattern [D:/csq/target/classes/com/learn/**/*.class]
17:18:47,040 DEBUG PathMatchingResourcePatternResolver:785 - Searching directory [D:\csq\target\classes\com\learn\model] for files matching pattern [D:/csq/target/classes/com/learn/**/*.class]
17:18:47,040 DEBUG PathMatchingResourcePatternResolver:785 - Searching directory [D:\csq\target\classes\com\learn\protocol] for files matching pattern [D:/csq/target/classes/com/learn/**/*.class]
17:18:47,041 DEBUG PathMatchingResourcePatternResolver:785 - Searching directory [D:\csq\target\classes\com\learn\protocol\error] for files matching pattern [D:/csq/target/classes/com/learn/**/*.class]
17:18:47,041 DEBUG PathMatchingResourcePatternResolver:785 - Searching directory [D:\csq\target\classes\com\learn\protocol\exception] for files matching pattern [D:/csq/target/classes/com/learn/**/*.class]
17:18:47,042 DEBUG PathMatchingResourcePatternResolver:785 - Searching directory [D:\csq\target\classes\com\learn\protocol\response] for files matching pattern [D:/csq/target/classes/com/learn/**/*.class]
17:18:47,042 DEBUG PathMatchingResourcePatternResolver:785 - Searching directory [D:\csq\target\classes\com\learn\services] for files matching pattern [D:/csq/target/classes/com/learn/**/*.class]
17:18:47,042 DEBUG PathMatchingResourcePatternResolver:785 - Searching directory [D:\csq\target\classes\com\learn\services\impl] for files matching pattern [D:/csq/target/classes/com/learn/**/*.class]
17:18:47,043 DEBUG PathMatchingResourcePatternResolver:516 - Resolved location pattern [classpath*:com/learn/**/*.class] to resources [file [D:\csq\target\test-classes\com\learn\SpringTest.class], file [D:\csq\target\classes\com\learn\base\mapper\BaseMapper.class], file [D:\csq\target\classes\com\learn\base\service\BaseService.class], file [D:\csq\target\classes\com\learn\base\service\impl\BaseServiceImpl.class], file [D:\csq\target\classes\com\learn\comUtil\CommUtil.class], file [D:\csq\target\classes\com\learn\controller\MenuController.class], file [D:\csq\target\classes\com\learn\controller\Test.class], file [D:\csq\target\classes\com\learn\controller\UserController.class], file [D:\csq\target\classes\com\learn\dao\A_0001Dao.class], file [D:\csq\target\classes\com\learn\dao\MenuDao.class], file [D:\csq\target\classes\com\learn\dao\UserDao.class], file [D:\csq\target\classes\com\learn\model\A_0001.class], file [D:\csq\target\classes\com\learn\model\MenuModel.class], file [D:\csq\target\classes\com\learn\model\UserModel.class], file [D:\csq\target\classes\com\learn\protocol\error\ErrorCode.class], file [D:\csq\target\classes\com\learn\protocol\exception\DefinedException.class], file [D:\csq\target\classes\com\learn\protocol\exception\DefinedMap.class], file [D:\csq\target\classes\com\learn\protocol\response\ApiResponse.class], file [D:\csq\target\classes\com\learn\services\A_0001Sv.class], file [D:\csq\target\classes\com\learn\services\impl\A1_0001SvImpl.class], file [D:\csq\target\classes\com\learn\services\impl\MenuSvImpl.class], file [D:\csq\target\classes\com\learn\services\impl\UserSvImpl.class], file [D:\csq\target\classes\com\learn\services\MenuSv.class], file [D:\csq\target\classes\com\learn\services\UserSv.class]]
17:18:47,070 DEBUG ClassPathBeanDefinitionScanner:437 - Identified candidate component class: file [D:\csq\target\test-classes\com\learn\SpringTest.class]
17:18:47,079 DEBUG ClassPathBeanDefinitionScanner:437 - Identified candidate component class: file [D:\csq\target\classes\com\learn\controller\MenuController.class]
17:18:47,085 DEBUG ClassPathBeanDefinitionScanner:437 - Identified candidate component class: file [D:\csq\target\classes\com\learn\controller\Test.class]
17:18:47,088 DEBUG ClassPathBeanDefinitionScanner:437 - Identified candidate component class: file [D:\csq\target\classes\com\learn\controller\UserController.class]
17:18:47,089 DEBUG ClassPathBeanDefinitionScanner:443 - Ignored because not a concrete top-level class: file [D:\csq\target\classes\com\learn\dao\A_0001Dao.class]
17:18:47,090 DEBUG ClassPathBeanDefinitionScanner:443 - Ignored because not a concrete top-level class: file [D:\csq\target\classes\com\learn\dao\MenuDao.class]
17:18:47,091 DEBUG ClassPathBeanDefinitionScanner:443 - Ignored because not a concrete top-level class: file [D:\csq\target\classes\com\learn\dao\UserDao.class]
17:18:47,097 DEBUG ClassPathBeanDefinitionScanner:437 - Identified candidate component class: file [D:\csq\target\classes\com\learn\services\impl\A1_0001SvImpl.class]
17:18:47,098 DEBUG ClassPathBeanDefinitionScanner:437 - Identified candidate component class: file [D:\csq\target\classes\com\learn\services\impl\MenuSvImpl.class]
17:18:47,098 DEBUG ClassPathBeanDefinitionScanner:437 - Identified candidate component class: file [D:\csq\target\classes\com\learn\services\impl\UserSvImpl.class]
17:18:47,117 DEBUG BeanDefinitionParserDelegate:458 - Neither XML 'id' nor 'name' specified - using generated bean name [com.github.pagehelper.PageInterceptor#214b199c]
17:18:47,119 DEBUG XmlBeanDefinitionReader:230 - Loaded 18 bean definitions from location pattern [applicationContext.xml]
17:18:47,119 DEBUG ClassPathXmlApplicationContext:623 - Bean factory for org.springframework.context.support.ClassPathXmlApplicationContext@77cd7a0: org.springframework.beans.factory.support.DefaultListableBeanFactory@25a65b77: defining beans [springTest,menuController,test,userController,a1_0001SvImpl,menuSvImpl,userSvImpl,org.springframework.context.annotation.internalConfigurationAnnotationProcessor,org.springframework.context.annotation.internalAutowiredAnnotationProcessor,org.springframework.context.annotation.internalRequiredAnnotationProcessor,org.springframework.context.annotation.internalCommonAnnotationProcessor,org.springframework.context.event.internalEventListenerProcessor,org.springframework.context.event.internalEventListenerFactory,org.springframework.context.support.PropertySourcesPlaceholderConfigurer#0,dataSource,sqlSessionFactory,sqlSession,mapperScannerConfigurer]; root of factory hierarchy
17:18:47,148 DEBUG DefaultListableBeanFactory:219 - Creating shared instance of singleton bean 'org.springframework.context.annotation.internalConfigurationAnnotationProcessor'
17:18:47,148 DEBUG DefaultListableBeanFactory:467 - Creating instance of bean 'org.springframework.context.annotation.internalConfigurationAnnotationProcessor'
17:18:47,157 DEBUG DefaultListableBeanFactory:573 - Eagerly caching bean 'org.springframework.context.annotation.internalConfigurationAnnotationProcessor' to allow for resolving potential circular references
17:18:47,158 DEBUG DefaultListableBeanFactory:504 - Finished creating instance of bean 'org.springframework.context.annotation.internalConfigurationAnnotationProcessor'
17:18:47,196 DEBUG DefaultListableBeanFactory:219 - Creating shared instance of singleton bean 'mapperScannerConfigurer'
17:18:47,196 DEBUG DefaultListableBeanFactory:467 - Creating instance of bean 'mapperScannerConfigurer'
17:18:47,197 DEBUG DefaultListableBeanFactory:573 - Eagerly caching bean 'mapperScannerConfigurer' to allow for resolving potential circular references
17:18:47,216 DEBUG DefaultListableBeanFactory:1755 - Invoking afterPropertiesSet() on bean with name 'mapperScannerConfigurer'
17:18:47,216 DEBUG DefaultListableBeanFactory:504 - Finished creating instance of bean 'mapperScannerConfigurer'
17:18:47,217 DEBUG StandardEnvironment:109 - Adding PropertySource 'systemProperties' with lowest search precedence
17:18:47,217 DEBUG StandardEnvironment:109 - Adding PropertySource 'systemEnvironment' with lowest search precedence
17:18:47,217 DEBUG StandardEnvironment:125 - Initialized StandardEnvironment with PropertySources [MapPropertySource@112049309 {name='systemProperties', properties={idea.version=2018.3.4, java.runtime.name=Java(TM) SE Runtime Environment, sun.boot.library.path=C:\Program Files\Java\jdk1.8.0_131\jre\bin, java.vm.version=25.131-b11, java.vm.vendor=Oracle Corporation, java.vendor.url=http://java.oracle.com/, path.separator=;, java.vm.name=Java HotSpot(TM) 64-Bit Server VM, file.encoding.pkg=sun.io, user.country=CN, user.script=, sun.java.launcher=SUN_STANDARD, sun.os.patch.level=, java.vm.specification.name=Java Virtual Machine Specification, user.dir=D:\csq, java.runtime.version=1.8.0_131-b11, basedir=D:\csq, java.awt.graphicsenv=sun.awt.Win32GraphicsEnvironment, java.endorsed.dirs=C:\Program Files\Java\jdk1.8.0_131\jre\lib\endorsed, os.arch=amd64, surefire.real.class.path=C:\Users\Chensq\AppData\Local\Temp\surefire552778613200921593\surefirebooter6379405344673009659.jar, java.io.tmpdir=C:\Users\Chensq\AppData\Local\Temp\, line.separator=
, java.vm.specification.vendor=Oracle Corporation, user.variant=, os.name=Windows 10, sun.jnu.encoding=GBK, java.library.path=C:\Program Files\Java\jdk1.8.0_131\jre\bin;C:\Windows\Sun\Java\bin;C:\Windows\system32;C:\Windows;D:\app\Chensq\product\12.2.0\dbhome_1\bin;C:\ProgramData\Oracle\Java\javapath;C:\Windows\system32;C:\Windows;C:\Windows\System32\Wbem;C:\Windows\System32\WindowsPowerShell\v1.0\;C:\Windows\System32\OpenSSH\;C:\Program Files (x86)\NVIDIA Corporation\PhysX\Common;C:\Program Files\NVIDIA Corporation\NVIDIA NvDLISR;C:\Program Files\Git\cmd;C:\Program Files\Java\jdk1.8.0_131\bin;C:\Program Files\Java\jdk1.8.0_131\jre\bin;C:\Program Files\nodejs\;C:\Users\Chensq\AppData\Local\Android\Sdk\tools;C:\Users\Chensq\AppData\Local\Android\Sdk\platform-tools;C:\Users\Chensq\AppData\Local\Microsoft\WindowsApps;C:\Program Files\Mercurial;C:\Program Files\JetBrains\IntelliJ IDEA 2018.3.4\bin;;C:\Users\Chensq\AppData\Roaming\npm;C:\Program Files\nodejs;;C:\Users\Chensq\AppData\Local\Programs\Microsoft VS Code\bin;., surefire.test.class.path=D:\csq\target\test-classes;D:\csq\target\classes;C:\Users\Chensq\.m2\repository\org\springframework\spring-core\5.0.4.RELEASE\spring-core-5.0.4.RELEASE.jar;C:\Users\Chensq\.m2\repository\org\springframework\spring-jcl\5.0.4.RELEASE\spring-jcl-5.0.4.RELEASE.jar;C:\Users\Chensq\.m2\repository\org\springframework\spring-beans\5.0.4.RELEASE\spring-beans-5.0.4.RELEASE.jar;C:\Users\Chensq\.m2\repository\org\springframework\spring-context\5.0.4.RELEASE\spring-context-5.0.4.RELEASE.jar;C:\Users\Chensq\.m2\repository\org\springframework\spring-context-support\5.0.4.RELEASE\spring-context-support-5.0.4.RELEASE.jar;C:\Users\Chensq\.m2\repository\org\springframework\spring-aop\5.0.4.RELEASE\spring-aop-5.0.4.RELEASE.jar;C:\Users\Chensq\.m2\repository\org\springframework\spring-aspects\5.0.4.RELEASE\spring-aspects-5.0.4.RELEASE.jar;C:\Users\Chensq\.m2\repository\org\aspectj\aspectjweaver\1.8.13\aspectjweaver-1.8.13.jar;C:\Users\Chensq\.m2\repository\org\springframework\spring-expression\5.0.4.RELEASE\spring-expression-5.0.4.RELEASE.jar;C:\Users\Chensq\.m2\repository\org\springframework\spring-tx\5.0.4.RELEASE\spring-tx-5.0.4.RELEASE.jar;C:\Users\Chensq\.m2\repository\org\springframework\spring-test\5.0.4.RELEASE\spring-test-5.0.4.RELEASE.jar;C:\Users\Chensq\.m2\repository\org\springframework\spring-web\5.0.4.RELEASE\spring-web-5.0.4.RELEASE.jar;C:\Users\Chensq\.m2\repository\jstl\jstl\1.2\jstl-1.2.jar;C:\Users\Chensq\.m2\repository\javax\servlet\javax.servlet-api\4.0.0\javax.servlet-api-4.0.0.jar;C:\Users\Chensq\.m2\repository\org\springframework\spring-webmvc\5.0.4.RELEASE\spring-webmvc-5.0.4.RELEASE.jar;C:\Users\Chensq\.m2\repository\com\oracle\ojdbc6\11.2.0.3\ojdbc6-11.2.0.3.jar;C:\Users\Chensq\.m2\repository\com\alibaba\druid\1.1.9\druid-1.1.9.jar;C:\Users\Chensq\.m2\repository\org\springframework\spring-jdbc\5.0.4.RELEASE\spring-jdbc-5.0.4.RELEASE.jar;C:\Users\Chensq\.m2\repository\org\mybatis\mybatis\3.4.6\mybatis-3.4.6.jar;C:\Users\Chensq\.m2\repository\org\mybatis\mybatis-spring\1.3.2\mybatis-spring-1.3.2.jar;C:\Users\Chensq\.m2\repository\org\projectlombok\lombok\1.16.14\lombok-1.16.14.jar;C:\Users\Chensq\.m2\repository\com\fasterxml\jackson\core\jackson-core\2.9.5\jackson-core-2.9.5.jar;C:\Users\Chensq\.m2\repository\com\fasterxml\jackson\core\jackson-annotations\2.9.5\jackson-annotations-2.9.5.jar;C:\Users\Chensq\.m2\repository\com\fasterxml\jackson\core\jackson-databind\2.9.5\jackson-databind-2.9.5.jar;C:\Users\Chensq\.m2\repository\log4j\log4j\1.2.17\log4j-1.2.17.jar;C:\Users\Chensq\.m2\repository\org\slf4j\slf4j-api\1.7.25\slf4j-api-1.7.25.jar;C:\Users\Chensq\.m2\repository\org\slf4j\slf4j-log4j12\1.7.25\slf4j-log4j12-1.7.25.jar;C:\Users\Chensq\.m2\repository\com\github\pagehelper\pagehelper\5.1.4\pagehelper-5.1.4.jar;C:\Users\Chensq\.m2\repository\com\github\jsqlparser\jsqlparser\1.0\jsqlparser-1.0.jar;C:\Users\Chensq\.m2\repository\tk\mybatis\mapper\3.3.8\mapper-3.3.8.jar;C:\Users\Chensq\.m2\repository\javax\persistence\persistence-api\1.0\persistence-api-1.0.jar;C:\Users\Chensq\.m2\repository\junit\junit\4.12\junit-4.12.jar;C:\Users\Chensq\.m2\repository\org\hamcrest\hamcrest-core\1.3\hamcrest-core-1.3.jar;, java.specification.name=Java Platform API Specification, java.class.version=52.0, sun.management.compiler=HotSpot 64-Bit Tiered Compilers, maven.repo.local=C:\Users\Chensq\.m2\repository, os.version=10.0, user.home=C:\Users\Chensq, user.timezone=Asia/Shanghai, java.awt.printerjob=sun.awt.windows.WPrinterJob, file.encoding=GBK, java.specification.version=1.8, java.class.path=D:\csq\target\test-classes;D:\csq\target\classes;C:\Users\Chensq\.m2\repository\org\springframework\spring-core\5.0.4.RELEASE\spring-core-5.0.4.RELEASE.jar;C:\Users\Chensq\.m2\repository\org\springframework\spring-jcl\5.0.4.RELEASE\spring-jcl-5.0.4.RELEASE.jar;C:\Users\Chensq\.m2\repository\org\springframework\spring-beans\5.0.4.RELEASE\spring-beans-5.0.4.RELEASE.jar;C:\Users\Chensq\.m2\repository\org\springframework\spring-context\5.0.4.RELEASE\spring-context-5.0.4.RELEASE.jar;C:\Users\Chensq\.m2\repository\org\springframework\spring-context-support\5.0.4.RELEASE\spring-context-support-5.0.4.RELEASE.jar;C:\Users\Chensq\.m2\repository\org\springframework\spring-aop\5.0.4.RELEASE\spring-aop-5.0.4.RELEASE.jar;C:\Users\Chensq\.m2\repository\org\springframework\spring-aspects\5.0.4.RELEASE\spring-aspects-5.0.4.RELEASE.jar;C:\Users\Chensq\.m2\repository\org\aspectj\aspectjweaver\1.8.13\aspectjweaver-1.8.13.jar;C:\Users\Chensq\.m2\repository\org\springframework\spring-expression\5.0.4.RELEASE\spring-expression-5.0.4.RELEASE.jar;C:\Users\Chensq\.m2\repository\org\springframework\spring-tx\5.0.4.RELEASE\spring-tx-5.0.4.RELEASE.jar;C:\Users\Chensq\.m2\repository\org\springframework\spring-test\5.0.4.RELEASE\spring-test-5.0.4.RELEASE.jar;C:\Users\Chensq\.m2\repository\org\springframework\spring-web\5.0.4.RELEASE\spring-web-5.0.4.RELEASE.jar;C:\Users\Chensq\.m2\repository\jstl\jstl\1.2\jstl-1.2.jar;C:\Users\Chensq\.m2\repository\javax\servlet\javax.servlet-api\4.0.0\javax.servlet-api-4.0.0.jar;C:\Users\Chensq\.m2\repository\org\springframework\spring-webmvc\5.0.4.RELEASE\spring-webmvc-5.0.4.RELEASE.jar;C:\Users\Chensq\.m2\repository\com\oracle\ojdbc6\11.2.0.3\ojdbc6-11.2.0.3.jar;C:\Users\Chensq\.m2\repository\com\alibaba\druid\1.1.9\druid-1.1.9.jar;C:\Users\Chensq\.m2\repository\org\springframework\spring-jdbc\5.0.4.RELEASE\spring-jdbc-5.0.4.RELEASE.jar;C:\Users\Chensq\.m2\repository\org\mybatis\mybatis\3.4.6\mybatis-3.4.6.jar;C:\Users\Chensq\.m2\repository\org\mybatis\mybatis-spring\1.3.2\mybatis-spring-1.3.2.jar;C:\Users\Chensq\.m2\repository\org\projectlombok\lombok\1.16.14\lombok-1.16.14.jar;C:\Users\Chensq\.m2\repository\com\fasterxml\jackson\core\jackson-core\2.9.5\jackson-core-2.9.5.jar;C:\Users\Chensq\.m2\repository\com\fasterxml\jackson\core\jackson-annotations\2.9.5\jackson-annotations-2.9.5.jar;C:\Users\Chensq\.m2\repository\com\fasterxml\jackson\core\jackson-databind\2.9.5\jackson-databind-2.9.5.jar;C:\Users\Chensq\.m2\repository\log4j\log4j\1.2.17\log4j-1.2.17.jar;C:\Users\Chensq\.m2\repository\org\slf4j\slf4j-api\1.7.25\slf4j-api-1.7.25.jar;C:\Users\Chensq\.m2\repository\org\slf4j\slf4j-log4j12\1.7.25\slf4j-log4j12-1.7.25.jar;C:\Users\Chensq\.m2\repository\com\github\pagehelper\pagehelper\5.1.4\pagehelper-5.1.4.jar;C:\Users\Chensq\.m2\repository\com\github\jsqlparser\jsqlparser\1.0\jsqlparser-1.0.jar;C:\Users\Chensq\.m2\repository\tk\mybatis\mapper\3.3.8\mapper-3.3.8.jar;C:\Users\Chensq\.m2\repository\javax\persistence\persistence-api\1.0\persistence-api-1.0.jar;C:\Users\Chensq\.m2\repository\junit\junit\4.12\junit-4.12.jar;C:\Users\Chensq\.m2\repository\org\hamcrest\hamcrest-core\1.3\hamcrest-core-1.3.jar;, user.name=Chensq, java.vm.specification.version=1.8, sun.java.command=C:\Users\Chensq\AppData\Local\Temp\surefire552778613200921593\surefirebooter6379405344673009659.jar C:\Users\Chensq\AppData\Local\Temp\surefire552778613200921593 2020-12-03T17-18-46_192-jvmRun1 surefire4541399169318889175tmp surefire_06095850200307394862tmp, java.home=C:\Program Files\Java\jdk1.8.0_131\jre, sun.arch.data.model=64, user.language=zh, java.specification.vendor=Oracle Corporation, awt.toolkit=sun.awt.windows.WToolkit, java.vm.info=mixed mode, java.version=1.8.0_131, java.ext.dirs=C:\Program Files\Java\jdk1.8.0_131\jre\lib\ext;C:\Windows\Sun\Java\lib\ext, sun.boot.class.path=C:\Program Files\Java\jdk1.8.0_131\jre\lib\resources.jar;C:\Program Files\Java\jdk1.8.0_131\jre\lib\rt.jar;C:\Program Files\Java\jdk1.8.0_131\jre\lib\sunrsasign.jar;C:\Program Files\Java\jdk1.8.0_131\jre\lib\jsse.jar;C:\Program Files\Java\jdk1.8.0_131\jre\lib\jce.jar;C:\Program Files\Java\jdk1.8.0_131\jre\lib\charsets.jar;C:\Program Files\Java\jdk1.8.0_131\jre\lib\jfr.jar;C:\Program Files\Java\jdk1.8.0_131\jre\classes, java.vendor=Oracle Corporation, localRepository=C:\Users\Chensq\.m2\repository, file.separator=\, java.vendor.url.bug=http://bugreport.sun.com/bugreport/, sun.io.unicode.encoding=UnicodeLittle, sun.cpu.endian=little, sun.desktop=windows, sun.cpu.isalist=amd64}}, SystemEnvironmentPropertySource@1162918744 {name='systemEnvironment', properties={PATH=D:\app\Chensq\product\12.2.0\dbhome_1\bin;C:\ProgramData\Oracle\Java\javapath;C:\Windows\system32;C:\Windows;C:\Windows\System32\Wbem;C:\Windows\System32\WindowsPowerShell\v1.0\;C:\Windows\System32\OpenSSH\;C:\Program Files (x86)\NVIDIA Corporation\PhysX\Common;C:\Program Files\NVIDIA Corporation\NVIDIA NvDLISR;C:\Program Files\Git\cmd;C:\Program Files\Java\jdk1.8.0_131\bin;C:\Program Files\Java\jdk1.8.0_131\jre\bin;C:\Program Files\nodejs\;C:\Users\Chensq\AppData\Local\Android\Sdk\tools;C:\Users\Chensq\AppData\Local\Android\Sdk\platform-tools;C:\Users\Chensq\AppData\Local\Microsoft\WindowsApps;C:\Program Files\Mercurial;C:\Program Files\JetBrains\IntelliJ IDEA 2018.3.4\bin;;C:\Users\Chensq\AppData\Roaming\npm;C:\Program Files\nodejs;;C:\Users\Chensq\AppData\Local\Programs\Microsoft VS Code\bin, USERDOMAIN_ROAMINGPROFILE=LAPTOP-O76B3LNJ, LOCALAPPDATA=C:\Users\Chensq\AppData\Local, PROCESSOR_LEVEL=6, SYSTEMDRIVE=C:, COMMONPROGRAMFILES(X86)=C:\Program Files (x86)\Common Files, USERDOMAIN=LAPTOP-O76B3LNJ, LOGONSERVER=\\LAPTOP-O76B3LNJ, JAVA_HOME=C:\Program Files\Java\jdk1.8.0_131, PROMPT=$P$G, SESSIONNAME=Console, ALLUSERSPROFILE=C:\ProgramData, PROGRAMFILES(X86)=C:\Program Files (x86), PROCESSOR_ARCHITECTURE=AMD64, DRIVERDATA=C:\Windows\System32\Drivers\DriverData, INTELLIJ IDEA=C:\Program Files\JetBrains\IntelliJ IDEA 2018.3.4\bin;, PROGRAMFILES=C:\Program Files, APPDATA=C:\Users\Chensq\AppData\Roaming, PSMODULEPATH=C:\Program Files\WindowsPowerShell\Modules;C:\Windows\system32\WindowsPowerShell\v1.0\Modules, PROGRAMW6432=C:\Program Files, PROGRAMDATA=C:\ProgramData, SYSTEMROOT=C:\Windows, USERNAME=Chensq, ONEDRIVE=C:\Users\Chensq\OneDrive, PATHEXT=.COM;.EXE;.BAT;.CMD;.VBS;.VBE;.JS;.JSE;.WSF;.WSH;.MSC, OS=Windows_NT, SDK_HOME=C:\Users\Chensq\AppData\Local\Android\Sdk, COMMONPROGRAMW6432=C:\Program Files\Common Files, COMPUTERNAME=LAPTOP-O76B3LNJ, ONEDRIVECONSUMER=C:\Users\Chensq\OneDrive, COMMONPROGRAMFILES=C:\Program Files\Common Files, COMSPEC=C:\Windows\system32\cmd.exe, PROCESSOR_REVISION=8e0c, CLASSPATH=.;C:\Program Files\Java\jdk1.8.0_131\lib;C:\Program Files\Java\jdk1.8.0_131\lib\tools.jar;%TOMCAT_HOME%\BIN;, WINDIR=C:\Windows, =D:=D:\csq, HOMEPATH=\Users\Chensq, TEMP=C:\Users\Chensq\AppData\Local\Temp, HOMEDRIVE=C:, PROCESSOR_IDENTIFIER=Intel64 Family 6 Model 142 Stepping 12, GenuineIntel, USERPROFILE=C:\Users\Chensq, TMP=C:\Users\Chensq\AppData\Local\Temp, PUBLIC=C:\Users\Public, NUMBER_OF_PROCESSORS=8, =::=::\}}]
17:18:47,221 DEBUG PathMatchingResourcePatternResolver:321 - Resolved classpath location [com/learn/dao/] to resources [URL [file:/D:/csq/target/classes/com/learn/dao/]]
17:18:47,222 DEBUG PathMatchingResourcePatternResolver:723 - Looking for matching resources in directory tree [D:\csq\target\classes\com\learn\dao]
17:18:47,222 DEBUG PathMatchingResourcePatternResolver:785 - Searching directory [D:\csq\target\classes\com\learn\dao] for files matching pattern [D:/csq/target/classes/com/learn/dao/**/*.class]
17:18:47,222 DEBUG PathMatchingResourcePatternResolver:516 - Resolved location pattern [classpath*:com/learn/dao/**/*.class] to resources [file [D:\csq\target\classes\com\learn\dao\A_0001Dao.class], file [D:\csq\target\classes\com\learn\dao\MenuDao.class], file [D:\csq\target\classes\com\learn\dao\UserDao.class]]
17:18:47,222 DEBUG ClassPathMapperScanner:437 - Identified candidate component class: file [D:\csq\target\classes\com\learn\dao\A_0001Dao.class]
17:18:47,222 DEBUG ClassPathMapperScanner:437 - Identified candidate component class: file [D:\csq\target\classes\com\learn\dao\MenuDao.class]
17:18:47,223 DEBUG ClassPathMapperScanner:437 - Identified candidate component class: file [D:\csq\target\classes\com\learn\dao\UserDao.class]
17:18:47,223 DEBUG ClassPathMapperScanner:180 - Creating MapperFactoryBean with name 'a_0001Dao' and 'com.learn.dao.A_0001Dao' mapperInterface
17:18:47,223 DEBUG ClassPathMapperScanner:180 - Creating MapperFactoryBean with name 'menuDao' and 'com.learn.dao.MenuDao' mapperInterface
17:18:47,224 DEBUG ClassPathMapperScanner:180 - Creating MapperFactoryBean with name 'userDao' and 'com.learn.dao.UserDao' mapperInterface
17:18:47,225 DEBUG DefaultListableBeanFactory:219 - Creating shared instance of singleton bean 'org.springframework.context.support.PropertySourcesPlaceholderConfigurer#0'
17:18:47,226 DEBUG DefaultListableBeanFactory:467 - Creating instance of bean 'org.springframework.context.support.PropertySourcesPlaceholderConfigurer#0'
17:18:47,226 DEBUG DefaultListableBeanFactory:573 - Eagerly caching bean 'org.springframework.context.support.PropertySourcesPlaceholderConfigurer#0' to allow for resolving potential circular references
17:18:47,235 DEBUG DefaultListableBeanFactory:504 - Finished creating instance of bean 'org.springframework.context.support.PropertySourcesPlaceholderConfigurer#0'
17:18:47,236 DEBUG MutablePropertySources:109 - Adding PropertySource 'environmentProperties' with lowest search precedence
17:18:47,236 DEBUG PropertySourcesPlaceholderConfigurer:178 - Loading properties file from class path resource [jdbc.properties]
17:18:47,237 DEBUG MutablePropertySources:109 - Adding PropertySource 'localProperties' with lowest search precedence
17:18:47,238 DEBUG PropertySourcesPropertyResolver:96 - Could not find key 'jdbc.driverClassName' in any property source
17:18:47,239 DEBUG PropertySourcesPropertyResolver:115 - Found key 'jdbc.driverClassName' in PropertySource 'localProperties' with value of type String
17:18:47,239 DEBUG PropertySourcesPropertyResolver:96 - Could not find key 'jdbc.url' in any property source
17:18:47,239 DEBUG PropertySourcesPropertyResolver:115 - Found key 'jdbc.url' in PropertySource 'localProperties' with value of type String
17:18:47,239 DEBUG PropertySourcesPropertyResolver:96 - Could not find key 'jdbc.username' in any property source
17:18:47,239 DEBUG PropertySourcesPropertyResolver:115 - Found key 'jdbc.username' in PropertySource 'localProperties' with value of type String
17:18:47,239 DEBUG PropertySourcesPropertyResolver:96 - Could not find key 'jdbc.password' in any property source
17:18:47,239 DEBUG PropertySourcesPropertyResolver:115 - Found key 'jdbc.password' in PropertySource 'localProperties' with value of type String
17:18:47,240 DEBUG DefaultListableBeanFactory:219 - Creating shared instance of singleton bean 'org.springframework.context.annotation.internalAutowiredAnnotationProcessor'
17:18:47,241 DEBUG DefaultListableBeanFactory:467 - Creating instance of bean 'org.springframework.context.annotation.internalAutowiredAnnotationProcessor'
17:18:47,242 DEBUG DefaultListableBeanFactory:573 - Eagerly caching bean 'org.springframework.context.annotation.internalAutowiredAnnotationProcessor' to allow for resolving potential circular references
17:18:47,246 DEBUG DefaultListableBeanFactory:504 - Finished creating instance of bean 'org.springframework.context.annotation.internalAutowiredAnnotationProcessor'
17:18:47,247 DEBUG DefaultListableBeanFactory:219 - Creating shared instance of singleton bean 'org.springframework.context.annotation.internalRequiredAnnotationProcessor'
17:18:47,247 DEBUG DefaultListableBeanFactory:467 - Creating instance of bean 'org.springframework.context.annotation.internalRequiredAnnotationProcessor'
17:18:47,247 DEBUG DefaultListableBeanFactory:573 - Eagerly caching bean 'org.springframework.context.annotation.internalRequiredAnnotationProcessor' to allow for resolving potential circular references
17:18:47,250 DEBUG DefaultListableBeanFactory:504 - Finished creating instance of bean 'org.springframework.context.annotation.internalRequiredAnnotationProcessor'
17:18:47,250 DEBUG DefaultListableBeanFactory:219 - Creating shared instance of singleton bean 'org.springframework.context.annotation.internalCommonAnnotationProcessor'
17:18:47,250 DEBUG DefaultListableBeanFactory:467 - Creating instance of bean 'org.springframework.context.annotation.internalCommonAnnotationProcessor'
17:18:47,252 DEBUG DefaultListableBeanFactory:573 - Eagerly caching bean 'org.springframework.context.annotation.internalCommonAnnotationProcessor' to allow for resolving potential circular references
17:18:47,256 DEBUG DefaultListableBeanFactory:504 - Finished creating instance of bean 'org.springframework.context.annotation.internalCommonAnnotationProcessor'
17:18:47,258 DEBUG ClassPathXmlApplicationContext:740 - Unable to locate MessageSource with name 'messageSource': using default [org.springframework.context.support.DelegatingMessageSource@7b98f307]
17:18:47,260 DEBUG ClassPathXmlApplicationContext:764 - Unable to locate ApplicationEventMulticaster with name 'applicationEventMulticaster': using default [org.springframework.context.event.SimpleApplicationEventMulticaster@3590fc5b]
17:18:47,261 DEBUG DefaultListableBeanFactory:729 - Pre-instantiating singletons in org.springframework.beans.factory.support.DefaultListableBeanFactory@25a65b77: defining beans [springTest,menuController,test,userController,a1_0001SvImpl,menuSvImpl,userSvImpl,org.springframework.context.annotation.internalConfigurationAnnotationProcessor,org.springframework.context.annotation.internalAutowiredAnnotationProcessor,org.springframework.context.annotation.internalRequiredAnnotationProcessor,org.springframework.context.annotation.internalCommonAnnotationProcessor,org.springframework.context.event.internalEventListenerProcessor,org.springframework.context.event.internalEventListenerFactory,org.springframework.context.support.PropertySourcesPlaceholderConfigurer#0,dataSource,sqlSessionFactory,sqlSession,mapperScannerConfigurer,a_0001Dao,menuDao,userDao]; root of factory hierarchy
17:18:47,261 DEBUG DefaultListableBeanFactory:219 - Creating shared instance of singleton bean 'springTest'
17:18:47,261 DEBUG DefaultListableBeanFactory:467 - Creating instance of bean 'springTest'
17:18:47,266 DEBUG DefaultListableBeanFactory:573 - Eagerly caching bean 'springTest' to allow for resolving potential circular references
17:18:47,268 DEBUG DefaultListableBeanFactory:504 - Finished creating instance of bean 'springTest'
17:18:47,268 DEBUG DefaultListableBeanFactory:219 - Creating shared instance of singleton bean 'menuController'
17:18:47,268 DEBUG DefaultListableBeanFactory:467 - Creating instance of bean 'menuController'
17:18:47,273 DEBUG InjectionMetadata:74 - Registered injected element on class [com.learn.controller.MenuController]: ResourceElement for com.learn.services.MenuSv com.learn.controller.MenuController.menuSv
17:18:47,274 DEBUG DefaultListableBeanFactory:573 - Eagerly caching bean 'menuController' to allow for resolving potential circular references
17:18:47,277 DEBUG InjectionMetadata:89 - Processing injected element of bean 'menuController': ResourceElement for com.learn.services.MenuSv com.learn.controller.MenuController.menuSv
17:18:47,278 DEBUG AnnotationUtils:1838 - Failed to meta-introspect annotation [interface javax.annotation.Resource]: java.lang.NullPointerException
17:18:47,286 DEBUG LogFactory:135 - Logging initialized using 'class org.apache.ibatis.logging.slf4j.Slf4jImpl' adapter.
17:18:47,298 DEBUG DefaultListableBeanFactory:219 - Creating shared instance of singleton bean 'menuSvImpl'
17:18:47,298 DEBUG DefaultListableBeanFactory:467 - Creating instance of bean 'menuSvImpl'
17:18:47,299 DEBUG InjectionMetadata:74 - Registered injected element on class [com.learn.services.impl.MenuSvImpl]: ResourceElement for com.learn.dao.MenuDao com.learn.services.impl.MenuSvImpl.menuDao
17:18:47,299 DEBUG DefaultListableBeanFactory:573 - Eagerly caching bean 'menuSvImpl' to allow for resolving potential circular references
17:18:47,300 DEBUG InjectionMetadata:89 - Processing injected element of bean 'menuSvImpl': ResourceElement for com.learn.dao.MenuDao com.learn.services.impl.MenuSvImpl.menuDao
17:18:47,300 DEBUG DefaultListableBeanFactory:219 - Creating shared instance of singleton bean 'menuDao'
17:18:47,301 DEBUG DefaultListableBeanFactory:467 - Creating instance of bean 'menuDao'
17:18:47,301 DEBUG DefaultListableBeanFactory:573 - Eagerly caching bean 'menuDao' to allow for resolving potential circular references
17:18:47,306 DEBUG DefaultListableBeanFactory:219 - Creating shared instance of singleton bean 'sqlSessionFactory'
17:18:47,307 DEBUG DefaultListableBeanFactory:467 - Creating instance of bean 'sqlSessionFactory'
17:18:47,308 DEBUG DefaultListableBeanFactory:573 - Eagerly caching bean 'sqlSessionFactory' to allow for resolving potential circular references
17:18:47,314 DEBUG DefaultListableBeanFactory:219 - Creating shared instance of singleton bean 'dataSource'
17:18:47,315 DEBUG DefaultListableBeanFactory:467 - Creating instance of bean 'dataSource'
17:18:47,340 DEBUG DefaultListableBeanFactory:573 - Eagerly caching bean 'dataSource' to allow for resolving potential circular references
17:18:47,365 ERROR DruidAbstractDataSource:1137 - oracle.jdbc.driver.OracleDriver is deprecated.
17:18:47,366 DEBUG DefaultListableBeanFactory:1815 - Invoking init method  'init' on bean with name 'dataSource'
17:18:47,451  INFO DruidDataSource:928 - {dataSource-1} inited
17:18:47,451 DEBUG DefaultListableBeanFactory:504 - Finished creating instance of bean 'dataSource'
17:18:47,452 DEBUG PathMatchingResourcePatternResolver:723 - Looking for matching resources in directory tree [D:\csq\target\classes\mapper]
17:18:47,452 DEBUG PathMatchingResourcePatternResolver:785 - Searching directory [D:\csq\target\classes\mapper] for files matching pattern [D:/csq/target/classes/mapper/*.xml]
17:18:47,453 DEBUG PathMatchingResourcePatternResolver:516 - Resolved location pattern [classpath:mapper/*.xml] to resources [file [D:\csq\target\classes\mapper\MenuMapper.xml], file [D:\csq\target\classes\mapper\test.xml], file [D:\csq\target\classes\mapper\UserMapper.xml]]
17:18:47,453 DEBUG DefaultListableBeanFactory:467 - Creating instance of bean 'com.github.pagehelper.PageInterceptor#214b199c'
17:18:47,483 DEBUG DefaultListableBeanFactory:504 - Finished creating instance of bean 'com.github.pagehelper.PageInterceptor#214b199c'
17:18:47,485 DEBUG DefaultListableBeanFactory:1755 - Invoking afterPropertiesSet() on bean with name 'sqlSessionFactory'
17:18:47,485 DEBUG SqlSessionFactoryBean:410 - Property 'configuration' or 'configLocation' not specified, using default MyBatis Configuration
17:18:47,519 DEBUG SqlSessionFactoryBean:455 - Registered plugin: 'com.github.pagehelper.PageInterceptor@5884a914'
17:18:47,583 DEBUG SqlSessionFactoryBean:529 - Parsed mapper file: 'file [D:\csq\target\classes\mapper\MenuMapper.xml]'
17:18:47,589 DEBUG SqlSessionFactoryBean:529 - Parsed mapper file: 'file [D:\csq\target\classes\mapper\test.xml]'
17:18:47,596 DEBUG DefaultListableBeanFactory:566 - Retrieved dependent beans for bean 'com.github.pagehelper.PageInterceptor#214b199c': [sqlSessionFactory]
17:18:47,596  WARN ClassPathXmlApplicationContext:557 - Exception encountered during context initialization - cancelling refresh attempt: org.springframework.beans.factory.BeanCreationException: Error creating bean with name 'menuController': Injection of resource dependencies failed; nested exception is org.springframework.beans.factory.BeanCreationException: Error creating bean with name 'menuSvImpl': Injection of resource dependencies failed; nested exception is org.springframework.beans.factory.BeanCreationException: Error creating bean with name 'menuDao' defined in file [D:\csq\target\classes\com\learn\dao\MenuDao.class]: Cannot resolve reference to bean 'sqlSessionFactory' while setting bean property 'sqlSessionFactory'; nested exception is org.springframework.beans.factory.BeanCreationException: Error creating bean with name 'sqlSessionFactory' defined in class path resource [applicationContext.xml]: Invocation of init method failed; nested exception is org.springframework.core.NestedIOException: Failed to parse mapping resource: 'file [D:\csq\target\classes\mapper\UserMapper.xml]'; nested exception is org.apache.ibatis.builder.BuilderException: Error parsing Mapper XML. The XML location is 'file [D:\csq\target\classes\mapper\UserMapper.xml]'. Cause: org.apache.ibatis.builder.BuilderException: Error resolving class. Cause: org.apache.ibatis.type.TypeException: Could not resolve type alias 'java.util.map'.  Cause: java.lang.ClassNotFoundException: Cannot find class: java.util.map
17:18:47,596 DEBUG DefaultListableBeanFactory:510 - Destroying singletons in org.springframework.beans.factory.support.DefaultListableBeanFactory@25a65b77: defining beans [springTest,menuController,test,userController,a1_0001SvImpl,menuSvImpl,userSvImpl,org.springframework.context.annotation.internalConfigurationAnnotationProcessor,org.springframework.context.annotation.internalAutowiredAnnotationProcessor,org.springframework.context.annotation.internalRequiredAnnotationProcessor,org.springframework.context.annotation.internalCommonAnnotationProcessor,org.springframework.context.event.internalEventListenerProcessor,org.springframework.context.event.internalEventListenerFactory,org.springframework.context.support.PropertySourcesPlaceholderConfigurer#0,dataSource,sqlSessionFactory,sqlSession,mapperScannerConfigurer,a_0001Dao,menuDao,userDao]; root of factory hierarchy
17:18:47,596 DEBUG DisposableBeanAdapter:318 - Invoking destroy method 'close' on bean with name 'dataSource'
17:18:47,597  INFO DruidDataSource:1823 - {dataSource-1} closed
]]></system-out>
  </testcase>
</testsuite>